2024-02-06T17:13:11.193 [INFO ] default - 添加库存:38当前库存38
2024-02-06T17:16:33.076 [INFO ] default - 添加库存:38当前库存38
2024-02-06T17:18:22.572 [INFO ] default - 添加库存:38当前库存38
2024-02-06T17:18:22.573 [INFO ] default - 添加奖池:2
2024-02-06T17:18:29.348 [INFO ] default - 配牌器开关:0牌:
2024-02-06T17:18:29.349 [ERROR] default - ReferenceError: chunkArray is not defined
    at Game.lottery (D:\coding\game_server\laba_172_jungledelight\class\game.js:348:36)
    at D:\coding\game_server\laba_172_jungledelight\app.js:186:37
    at process.processTicksAndRejections (node:internal/process/task_queues:95:5)
2024-02-06T17:19:16.550 [INFO ] default - 添加库存:38当前库存76
2024-02-06T17:19:16.551 [INFO ] default - 添加奖池:2
2024-02-06T17:19:16.552 [INFO ] default - 配牌器开关:0牌:
2024-02-06T17:19:16.552 [ERROR] default - ReferenceError: chunkArray is not defined
    at Game.lottery (D:\coding\game_server\laba_172_jungledelight\class\game.js:348:36)
    at D:\coding\game_server\laba_172_jungledelight\app.js:186:37
    at process.processTicksAndRejections (node:internal/process/task_queues:95:5)
2024-02-06T17:23:31.860 [INFO ] default - 添加库存:38当前库存38
2024-02-06T17:26:21.977 [INFO ] default - 添加库存:38当前库存38
2024-02-06T17:26:21.981 [INFO ] default - 添加奖池:2
2024-02-06T17:26:21.983 [INFO ] default - 配牌器开关:0牌:
2024-02-06T17:26:21.986 [INFO ] default - 图案排列结果
2024-02-06T17:26:21.987 [INFO ] default - [ 4, 5, 0 ]
2024-02-06T17:26:21.988 [INFO ] default - [ 1, 4, 2 ]
2024-02-06T17:26:21.989 [INFO ] default - [ 3, 1, 8 ]
2024-02-06T17:26:21.989 [INFO ] default - 下注:40赢:0获得jackpot:0source_rtp:0expectRTP:100
2024-02-06T17:27:57.541 [INFO ] default - 添加库存:38当前库存76
2024-02-06T17:30:58.077 [INFO ] default - 添加库存:38当前库存100038
2024-02-06T17:34:00.478 [INFO ] default - 添加库存:38当前库存100038
2024-02-06T17:34:00.480 [INFO ] default - 添加奖池:2
2024-02-06T17:34:00.480 [INFO ] default - 配牌器开关:0牌:
2024-02-06T17:34:03.533 [INFO ] default - 减少库存:48库存100038
2024-02-06T17:34:03.534 [INFO ] default - 减少奖池:0
2024-02-06T17:34:03.535 [INFO ] default - 图案排列结果
2024-02-06T17:34:03.535 [INFO ] default - [ 0, 3, 9, 1, 2 ]
2024-02-06T17:34:03.536 [INFO ] default - [ 2, 2, 2, 4, 2 ]
2024-02-06T17:34:03.536 [INFO ] default - [ 2, 0, 5, 3, 5 ]
2024-02-06T17:34:03.537 [INFO ] default - undefined
2024-02-06T17:34:03.537 [INFO ] default - undefined
2024-02-06T17:34:03.537 [INFO ] default - 下注:40赢:48获得jackpot:0source_rtp:0expectRTP:80
2024-02-06T17:34:39.361 [INFO ] default - 添加库存:38当前库存100076
2024-02-06T17:34:39.362 [INFO ] default - 添加奖池:2
2024-02-06T17:34:39.363 [INFO ] default - 配牌器开关:0牌:
2024-02-06T17:34:39.363 [INFO ] default - 减少库存:44库存100076
2024-02-06T17:34:39.365 [INFO ] default - 减少奖池:0
2024-02-06T17:34:39.366 [INFO ] default - 图案排列结果
2024-02-06T17:34:39.366 [INFO ] default - [ 2, 1, 2, 1, 1 ]
2024-02-06T17:34:39.367 [INFO ] default - [ 0, 2, 3, 3, 0 ]
2024-02-06T17:34:39.367 [INFO ] default - [ 3, 3, 5, 1, 2 ]
2024-02-06T17:34:39.368 [INFO ] default - undefined
2024-02-06T17:34:39.369 [INFO ] default - undefined
2024-02-06T17:34:39.369 [INFO ] default - 下注:40赢:44获得jackpot:0source_rtp:0expectRTP:80
2024-02-06T17:35:10.454 [INFO ] default - 添加库存:38当前库存100114
2024-02-06T17:35:10.455 [INFO ] default - 添加奖池:2
2024-02-06T17:35:10.455 [INFO ] default - 配牌器开关:0牌:
2024-02-06T17:35:10.456 [INFO ] default - 图案排列结果
2024-02-06T17:35:10.457 [INFO ] default - [ 0, 4, 0, 0, 0 ]
2024-02-06T17:35:10.457 [INFO ] default - [ 2, 3, 5, 3, 5 ]
2024-02-06T17:35:10.458 [INFO ] default - [ 0, 4, 5, 4, 1 ]
2024-02-06T17:35:10.459 [INFO ] default - undefined
2024-02-06T17:35:10.460 [INFO ] default - undefined
2024-02-06T17:35:10.460 [INFO ] default - 下注:40赢:0获得jackpot:0source_rtp:0expectRTP:80
2024-02-06T17:35:18.867 [INFO ] default - 添加库存:38当前库存100152
2024-02-06T17:35:18.868 [INFO ] default - 添加奖池:2
2024-02-06T17:35:18.868 [INFO ] default - 配牌器开关:0牌:
2024-02-06T17:35:18.868 [INFO ] default - 减少库存:30库存100152
2024-02-06T17:35:18.869 [INFO ] default - 减少奖池:0
2024-02-06T17:35:18.869 [INFO ] default - 图案排列结果
2024-02-06T17:35:18.869 [INFO ] default - [ 3, 3, 1, 0, 6 ]
2024-02-06T17:35:18.870 [INFO ] default - [ 1, 1, 5, 3, 5 ]
2024-02-06T17:35:18.870 [INFO ] default - [ 2, 1, 1, 2, 2 ]
2024-02-06T17:35:18.870 [INFO ] default - undefined
2024-02-06T17:35:18.871 [INFO ] default - undefined
2024-02-06T17:35:18.871 [INFO ] default - 下注:40赢:30获得jackpot:0source_rtp:0expectRTP:80
2024-02-06T17:35:34.659 [INFO ] default - 添加库存:38当前库存100190
2024-02-06T17:35:34.659 [INFO ] default - 添加奖池:2
2024-02-06T17:35:34.659 [INFO ] default - 配牌器开关:0牌:
2024-02-06T17:35:34.660 [INFO ] default - 减少库存:1200库存100190
2024-02-06T17:35:34.660 [INFO ] default - 减少奖池:0
2024-02-06T17:35:34.661 [INFO ] default - 图案排列结果
2024-02-06T17:35:34.661 [INFO ] default - [ 3, 4, 1, 0, 6 ]
2024-02-06T17:35:34.661 [INFO ] default - [ 5, 9, 5, 5, 5 ]
2024-02-06T17:35:34.662 [INFO ] default - [ 0, 0, 5, 3, 2 ]
2024-02-06T17:35:34.662 [INFO ] default - undefined
2024-02-06T17:35:34.662 [INFO ] default - undefined
2024-02-06T17:35:34.663 [INFO ] default - 下注:40赢:1200获得jackpot:0source_rtp:0expectRTP:80
2024-02-06T17:35:56.789 [INFO ] default - 添加库存:38当前库存100228
2024-02-06T17:35:56.790 [INFO ] default - 添加奖池:2
2024-02-06T17:35:56.790 [INFO ] default - 配牌器开关:0牌:
2024-02-06T17:35:56.791 [INFO ] default - 图案排列结果
2024-02-06T17:35:56.791 [INFO ] default - [ 2, 3, 2, 3, 2 ]
2024-02-06T17:35:56.791 [INFO ] default - [ 1, 3, 0, 0, 2 ]
2024-02-06T17:35:56.792 [INFO ] default - [ 2, 0, 6, 3, 4 ]
2024-02-06T17:35:56.792 [INFO ] default - undefined
2024-02-06T17:35:56.792 [INFO ] default - undefined
2024-02-06T17:35:56.793 [INFO ] default - 下注:40赢:0获得jackpot:0source_rtp:0expectRTP:80
2024-02-06T17:36:05.972 [INFO ] default - 添加库存:38当前库存100266
2024-02-06T17:36:05.974 [INFO ] default - 添加奖池:2
2024-02-06T17:36:05.974 [INFO ] default - 配牌器开关:0牌:
2024-02-06T17:36:05.975 [INFO ] default - 图案排列结果
2024-02-06T17:36:05.976 [INFO ] default - [ 0, 3, 0, 9, 4 ]
2024-02-06T17:36:05.977 [INFO ] default - [ 2, 1, 0, 5, 1 ]
2024-02-06T17:36:05.977 [INFO ] default - [ 1, 0, 8, 0, 2 ]
2024-02-06T17:36:05.978 [INFO ] default - undefined
2024-02-06T17:36:05.978 [INFO ] default - undefined
2024-02-06T17:36:05.979 [INFO ] default - 下注:40赢:0获得jackpot:0source_rtp:0expectRTP:80
2024-02-06T17:36:10.421 [INFO ] default - 添加库存:38当前库存100304
2024-02-06T17:36:10.422 [INFO ] default - 添加奖池:2
2024-02-06T17:36:10.423 [INFO ] default - 配牌器开关:0牌:
2024-02-06T17:36:10.423 [INFO ] default - 减少库存:10库存100304
2024-02-06T17:36:10.423 [INFO ] default - 减少奖池:0
2024-02-06T17:36:10.424 [INFO ] default - 图案排列结果
2024-02-06T17:36:10.425 [INFO ] default - [ 4, 1, 8, 3, 2 ]
2024-02-06T17:36:10.425 [INFO ] default - [ 0, 0, 5, 1, 0 ]
2024-02-06T17:36:10.426 [INFO ] default - [ 3, 2, 0, 5, 0 ]
2024-02-06T17:36:10.426 [INFO ] default - undefined
2024-02-06T17:36:10.427 [INFO ] default - undefined
2024-02-06T17:36:10.427 [INFO ] default - 下注:40赢:10获得jackpot:0source_rtp:0expectRTP:80
2024-02-06T17:38:50.662 [INFO ] default - 添加库存:38当前库存100342
2024-02-06T17:38:50.663 [INFO ] default - 添加奖池:2
2024-02-06T17:38:50.663 [INFO ] default - 配牌器开关:0牌:
2024-02-06T17:38:50.665 [INFO ] default - 图案排列结果
2024-02-06T17:38:50.665 [INFO ] default - [ 1, 1, 5, 3, 4 ]
2024-02-06T17:38:50.666 [INFO ] default - [ 2, 0, 3, 0, 4 ]
2024-02-06T17:38:50.667 [INFO ] default - [ 2, 3, 1, 4, 3 ]
2024-02-06T17:38:50.667 [INFO ] default - undefined
2024-02-06T17:38:50.668 [INFO ] default - undefined
2024-02-06T17:38:50.668 [INFO ] default - 下注:40赢:0获得jackpot:0source_rtp:0expectRTP:80
2024-02-06T17:38:54.238 [INFO ] default - 添加库存:38当前库存100380
2024-02-06T17:38:54.239 [INFO ] default - 添加奖池:2
2024-02-06T17:38:54.240 [INFO ] default - 配牌器开关:0牌:
2024-02-06T17:38:54.240 [INFO ] default - 减少库存:24库存100380
2024-02-06T17:38:54.241 [INFO ] default - 减少奖池:0
2024-02-06T17:38:54.242 [INFO ] default - 图案排列结果
2024-02-06T17:38:54.243 [INFO ] default - [ 3, 0, 2, 0, 1 ]
2024-02-06T17:38:54.244 [INFO ] default - [ 2, 2, 3, 4, 5 ]
2024-02-06T17:38:54.245 [INFO ] default - [ 0, 3, 2, 5, 1 ]
2024-02-06T17:38:54.245 [INFO ] default - undefined
2024-02-06T17:38:54.246 [INFO ] default - undefined
2024-02-06T17:38:54.246 [INFO ] default - 下注:40赢:24获得jackpot:0source_rtp:0expectRTP:80
2024-02-06T17:38:57.173 [INFO ] default - 添加库存:38当前库存100418
2024-02-06T17:38:57.174 [INFO ] default - 添加奖池:2
2024-02-06T17:38:57.174 [INFO ] default - 配牌器开关:0牌:
2024-02-06T17:38:57.175 [INFO ] default - 图案排列结果
2024-02-06T17:38:57.176 [INFO ] default - [ 0, 0, 3, 1, 2 ]
2024-02-06T17:38:57.176 [INFO ] default - [ 5, 1, 2, 0, 0 ]
2024-02-06T17:38:57.177 [INFO ] default - [ 2, 4, 2, 4, 0 ]
2024-02-06T17:38:57.178 [INFO ] default - undefined
2024-02-06T17:38:57.178 [INFO ] default - undefined
2024-02-06T17:38:57.179 [INFO ] default - 下注:40赢:0获得jackpot:0source_rtp:0expectRTP:80
2024-02-06T17:39:55.438 [INFO ] default - 添加库存:38当前库存100456
2024-02-06T17:39:55.439 [INFO ] default - 添加奖池:2
2024-02-06T17:39:55.439 [INFO ] default - 配牌器开关:0牌:
2024-02-06T17:39:55.440 [INFO ] default - 图案排列结果
2024-02-06T17:39:55.440 [INFO ] default - [ 2, 0, 3, 9, 0 ]
2024-02-06T17:39:55.441 [INFO ] default - [ 0, 1, 5, 1, 5 ]
2024-02-06T17:39:55.441 [INFO ] default - [ 2, 1, 2, 2, 3 ]
2024-02-06T17:39:55.442 [INFO ] default - undefined
2024-02-06T17:39:55.442 [INFO ] default - undefined
2024-02-06T17:39:55.442 [INFO ] default - 下注:40赢:0获得jackpot:0source_rtp:0expectRTP:80
2024-02-06T17:39:59.084 [INFO ] default - 添加库存:38当前库存100494
2024-02-06T17:39:59.085 [INFO ] default - 添加奖池:2
2024-02-06T17:39:59.086 [INFO ] default - 配牌器开关:0牌:
2024-02-06T17:39:59.087 [INFO ] default - 图案排列结果
2024-02-06T17:39:59.088 [INFO ] default - [ 3, 5, 3, 1, 5 ]
2024-02-06T17:39:59.088 [INFO ] default - [ 0, 4, 5, 3, 0 ]
2024-02-06T17:39:59.089 [INFO ] default - [ 2, 1, 5, 3, 0 ]
2024-02-06T17:39:59.089 [INFO ] default - undefined
2024-02-06T17:39:59.090 [INFO ] default - undefined
2024-02-06T17:39:59.090 [INFO ] default - 下注:40赢:0获得jackpot:0source_rtp:0expectRTP:80
2024-02-06T17:40:02.524 [INFO ] default - 添加库存:38当前库存100532
2024-02-06T17:40:02.525 [INFO ] default - 添加奖池:2
2024-02-06T17:40:02.525 [INFO ] default - 配牌器开关:0牌:
2024-02-06T17:40:02.526 [INFO ] default - 图案排列结果
2024-02-06T17:40:02.526 [INFO ] default - [ 1, 2, 4, 3, 0 ]
2024-02-06T17:40:02.527 [INFO ] default - [ 2, 1, 4, 5, 0 ]
2024-02-06T17:40:02.527 [INFO ] default - [ 1, 5, 3, 2, 5 ]
2024-02-06T17:40:02.528 [INFO ] default - undefined
2024-02-06T17:40:02.528 [INFO ] default - undefined
2024-02-06T17:40:02.529 [INFO ] default - 下注:40赢:0获得jackpot:0source_rtp:0expectRTP:80
2024-02-06T17:40:06.022 [INFO ] default - 添加库存:38当前库存100570
2024-02-06T17:40:06.023 [INFO ] default - 添加奖池:2
2024-02-06T17:40:06.023 [INFO ] default - 配牌器开关:0牌:
2024-02-06T17:40:06.025 [INFO ] default - 图案排列结果
2024-02-06T17:40:06.025 [INFO ] default - [ 4, 2, 5, 4, 3 ]
2024-02-06T17:40:06.026 [INFO ] default - [ 1, 1, 2, 1, 3 ]
2024-02-06T17:40:06.027 [INFO ] default - [ 2, 8, 3, 5, 2 ]
2024-02-06T17:40:06.027 [INFO ] default - undefined
2024-02-06T17:40:06.028 [INFO ] default - undefined
2024-02-06T17:40:06.028 [INFO ] default - 下注:40赢:0获得jackpot:0source_rtp:0expectRTP:80
2024-02-06T17:40:09.262 [INFO ] default - 添加库存:38当前库存100608
2024-02-06T17:40:09.263 [INFO ] default - 添加奖池:2
2024-02-06T17:40:09.264 [INFO ] default - 配牌器开关:0牌:
2024-02-06T17:40:09.265 [INFO ] default - 减少库存:20库存100608
2024-02-06T17:40:09.266 [INFO ] default - 减少奖池:0
2024-02-06T17:40:09.267 [INFO ] default - 图案排列结果
2024-02-06T17:40:09.268 [INFO ] default - [ 0, 4, 1, 2, 5 ]
2024-02-06T17:40:09.269 [INFO ] default - [ 5, 0, 0, 2, 8 ]
2024-02-06T17:40:09.270 [INFO ] default - [ 0, 3, 1, 2, 2 ]
2024-02-06T17:40:09.271 [INFO ] default - undefined
2024-02-06T17:40:09.272 [INFO ] default - undefined
2024-02-06T17:40:09.273 [INFO ] default - 下注:40赢:20获得jackpot:0source_rtp:0expectRTP:80
2024-02-06T17:40:12.855 [INFO ] default - 添加库存:38当前库存100646
2024-02-06T17:40:12.857 [INFO ] default - 添加奖池:2
2024-02-06T17:40:12.857 [INFO ] default - 配牌器开关:0牌:
2024-02-06T17:40:12.858 [INFO ] default - 减少库存:10库存100646
2024-02-06T17:40:12.859 [INFO ] default - 减少奖池:0
2024-02-06T17:40:12.861 [INFO ] default - 图案排列结果
2024-02-06T17:40:12.862 [INFO ] default - [ 2, 3, 3, 5, 1 ]
2024-02-06T17:40:12.863 [INFO ] default - [ 2, 1, 6, 2, 2 ]
2024-02-06T17:40:12.864 [INFO ] default - [ 1, 2, 1, 3, 2 ]
2024-02-06T17:40:12.865 [INFO ] default - undefined
2024-02-06T17:40:12.865 [INFO ] default - undefined
2024-02-06T17:40:12.866 [INFO ] default - 下注:40赢:10获得jackpot:0source_rtp:0expectRTP:80
2024-02-06T17:40:43.140 [INFO ] default - 添加库存:38当前库存100684
2024-02-06T17:40:43.141 [INFO ] default - 添加奖池:2
2024-02-06T17:40:43.142 [INFO ] default - 配牌器开关:0牌:
2024-02-06T17:40:43.143 [INFO ] default - 图案排列结果
2024-02-06T17:40:43.143 [INFO ] default - [ 2, 0, 2, 3, 0 ]
2024-02-06T17:40:43.144 [INFO ] default - [ 3, 1, 6, 0, 2 ]
2024-02-06T17:40:43.144 [INFO ] default - [ 4, 0, 0, 0, 2 ]
2024-02-06T17:40:43.145 [INFO ] default - undefined
2024-02-06T17:40:43.145 [INFO ] default - undefined
2024-02-06T17:40:43.145 [INFO ] default - 下注:40赢:0获得jackpot:0source_rtp:0expectRTP:80
2024-02-06T17:41:20.510 [INFO ] default - 添加库存:38当前库存100722
2024-02-06T17:41:20.511 [INFO ] default - 添加奖池:2
2024-02-06T17:41:20.511 [INFO ] default - 配牌器开关:0牌:
2024-02-06T17:41:20.513 [INFO ] default - 图案排列结果
2024-02-06T17:41:20.513 [INFO ] default - [ 1, 4, 3, 8, 1 ]
2024-02-06T17:41:20.513 [INFO ] default - [ 3, 0, 0, 1, 3 ]
2024-02-06T17:41:20.514 [INFO ] default - [ 3, 0, 8, 1, 5 ]
2024-02-06T17:41:20.514 [INFO ] default - undefined
2024-02-06T17:41:20.515 [INFO ] default - undefined
2024-02-06T17:41:20.516 [INFO ] default - 下注:40赢:0获得jackpot:0source_rtp:0expectRTP:80
2024-02-06T17:41:24.165 [INFO ] default - 添加库存:38当前库存100760
2024-02-06T17:41:24.166 [INFO ] default - 添加奖池:2
2024-02-06T17:41:24.167 [INFO ] default - 配牌器开关:0牌:
2024-02-06T17:41:24.169 [INFO ] default - 图案排列结果
2024-02-06T17:41:24.170 [INFO ] default - [ 1, 5, 1, 4, 1 ]
2024-02-06T17:41:24.171 [INFO ] default - [ 3, 0, 5, 5, 3 ]
2024-02-06T17:41:24.171 [INFO ] default - [ 3, 3, 5, 4, 6 ]
2024-02-06T17:41:24.172 [INFO ] default - undefined
2024-02-06T17:41:24.173 [INFO ] default - undefined
2024-02-06T17:41:24.174 [INFO ] default - 下注:40赢:0获得jackpot:0source_rtp:0expectRTP:80
2024-02-06T17:41:29.188 [INFO ] default - 添加库存:38当前库存100798
2024-02-06T17:41:29.189 [INFO ] default - 添加奖池:2
2024-02-06T17:41:29.190 [INFO ] default - 配牌器开关:0牌:
2024-02-06T17:41:29.191 [INFO ] default - 减少库存:60库存100798
2024-02-06T17:41:29.191 [INFO ] default - 减少奖池:0
2024-02-06T17:41:29.193 [INFO ] default - 图案排列结果
2024-02-06T17:41:29.194 [INFO ] default - [ 0, 3, 0, 0, 4 ]
2024-02-06T17:41:29.195 [INFO ] default - [ 4, 5, 4, 1, 0 ]
2024-02-06T17:41:29.196 [INFO ] default - [ 4, 4, 1, 1, 1 ]
2024-02-06T17:41:29.197 [INFO ] default - undefined
2024-02-06T17:41:29.197 [INFO ] default - undefined
2024-02-06T17:41:29.198 [INFO ] default - 下注:40赢:60获得jackpot:0source_rtp:0expectRTP:80
2024-02-06T17:42:41.766 [INFO ] default - 添加库存:38当前库存100836
2024-02-06T17:42:41.768 [INFO ] default - 添加奖池:2
2024-02-06T17:42:41.768 [INFO ] default - 配牌器开关:0牌:
2024-02-06T17:42:41.770 [INFO ] default - 图案排列结果
2024-02-06T17:42:41.770 [INFO ] default - [ 3, 3, 1, 0, 1 ]
2024-02-06T17:42:41.771 [INFO ] default - [ 4, 2, 2, 2, 2 ]
2024-02-06T17:42:41.771 [INFO ] default - [ 1, 5, 0, 1, 6 ]
2024-02-06T17:42:41.772 [INFO ] default - undefined
2024-02-06T17:42:41.773 [INFO ] default - undefined
2024-02-06T17:42:41.774 [INFO ] default - 下注:40赢:0获得jackpot:0source_rtp:0expectRTP:80
2024-02-06T17:42:48.685 [INFO ] default - 添加库存:38当前库存100874
2024-02-06T17:42:48.687 [INFO ] default - 添加奖池:2
2024-02-06T17:42:48.687 [INFO ] default - 配牌器开关:0牌:
2024-02-06T17:42:48.689 [INFO ] default - 图案排列结果
2024-02-06T17:42:48.689 [INFO ] default - [ 5, 0, 0, 0, 4 ]
2024-02-06T17:42:48.690 [INFO ] default - [ 1, 9, 0, 1, 6 ]
2024-02-06T17:42:48.690 [INFO ] default - [ 2, 3, 0, 0, 1 ]
2024-02-06T17:42:48.691 [INFO ] default - undefined
2024-02-06T17:42:48.691 [INFO ] default - undefined
2024-02-06T17:42:48.692 [INFO ] default - 下注:40赢:0获得jackpot:0source_rtp:0expectRTP:80
2024-02-06T17:42:53.773 [INFO ] default - 添加库存:38当前库存100912
2024-02-06T17:42:53.775 [INFO ] default - 添加奖池:2
2024-02-06T17:42:53.775 [INFO ] default - 配牌器开关:0牌:
2024-02-06T17:42:53.776 [INFO ] default - 减少库存:10库存100912
2024-02-06T17:42:53.776 [INFO ] default - 减少奖池:0
2024-02-06T17:42:53.777 [INFO ] default - 图案排列结果
2024-02-06T17:42:53.778 [INFO ] default - [ 1, 3, 4, 6, 4 ]
2024-02-06T17:42:53.778 [INFO ] default - [ 3, 0, 2, 5, 5 ]
2024-02-06T17:42:53.779 [INFO ] default - [ 0, 4, 9, 4, 2 ]
2024-02-06T17:42:53.779 [INFO ] default - undefined
2024-02-06T17:42:53.780 [INFO ] default - undefined
2024-02-06T17:42:53.780 [INFO ] default - 下注:40赢:10获得jackpot:0source_rtp:0expectRTP:80
2024-02-06T17:47:51.718 [INFO ] default - 添加库存:38当前库存100950
2024-02-06T17:47:51.718 [INFO ] default - 添加奖池:2
2024-02-06T17:47:51.719 [INFO ] default - 配牌器开关:0牌:
2024-02-06T17:47:51.719 [INFO ] default - 图案排列结果
2024-02-06T17:47:51.719 [INFO ] default - [ 0, 4, 4, 9, 2 ]
2024-02-06T17:47:51.720 [INFO ] default - [ 3, 4, 6, 3, 9 ]
2024-02-06T17:47:51.720 [INFO ] default - [ 1, 2, 1, 9, 2 ]
2024-02-06T17:47:51.721 [INFO ] default - undefined
2024-02-06T17:47:51.721 [INFO ] default - undefined
2024-02-06T17:47:51.721 [INFO ] default - 下注:40赢:0获得jackpot:0source_rtp:0expectRTP:80
2024-02-20T17:45:37.916 [INFO ] default - 添加库存:38当前库存100532
2024-02-20T17:46:28.801 [INFO ] default - 添加库存:38当前库存100532
2024-02-20T17:46:28.803 [INFO ] default - 添加奖池:2
2024-02-20T17:46:28.805 [INFO ] default - 图案排列结果
2024-02-20T17:46:28.805 [INFO ] default - [ 2, 3, 4, 3, 4 ]
2024-02-20T17:46:28.806 [INFO ] default - [ 6, 0, 0, 1, 2 ]
2024-02-20T17:46:28.806 [INFO ] default - [ 4, 4, 8, 3, 9 ]
2024-02-20T17:46:28.807 [INFO ] default - 下注:40赢:0jackpot:0expectRTP:80
2024-02-20T17:46:36.735 [INFO ] default - 添加库存:38当前库存100570
2024-02-20T17:46:36.736 [INFO ] default - 添加奖池:2
2024-02-20T17:46:36.738 [INFO ] default - 图案排列结果
2024-02-20T17:46:36.739 [INFO ] default - [ 3, 1, 1, 1, 5 ]
2024-02-20T17:46:36.739 [INFO ] default - [ 6, 3, 4, 6, 5 ]
2024-02-20T17:46:36.739 [INFO ] default - [ 2, 1, 5, 5, 3 ]
2024-02-20T17:46:36.740 [INFO ] default - 下注:40赢:0jackpot:0expectRTP:80
2024-02-20T17:46:40.025 [INFO ] default - 添加库存:38当前库存100608
2024-02-20T17:46:40.026 [INFO ] default - 添加奖池:2
2024-02-20T17:46:40.028 [INFO ] default - 图案排列结果
2024-02-20T17:46:40.029 [INFO ] default - [ 5, 2, 1, 2, 1 ]
2024-02-20T17:46:40.029 [INFO ] default - [ 4, 2, 0, 4, 4 ]
2024-02-20T17:46:40.030 [INFO ] default - [ 4, 5, 1, 0, 0 ]
2024-02-20T17:46:40.031 [INFO ] default - 下注:40赢:0jackpot:0expectRTP:80
2024-02-20T17:46:47.944 [INFO ] default - 添加库存:38当前库存100646
2024-02-20T17:46:47.944 [INFO ] default - 添加奖池:2
2024-02-20T17:46:47.946 [INFO ] default - 图案排列结果
2024-02-20T17:46:47.946 [INFO ] default - [ 4, 1, 4, 1, 5 ]
2024-02-20T17:46:47.946 [INFO ] default - [ 6, 2, 0, 5, 4 ]
2024-02-20T17:46:47.947 [INFO ] default - [ 5, 2, 2, 1, 3 ]
2024-02-20T17:46:47.947 [INFO ] default - 下注:40赢:0jackpot:0expectRTP:80
2024-02-20T17:48:59.970 [INFO ] default - 添加库存:38当前库存100532
2024-02-20T17:48:59.972 [INFO ] default - 添加奖池:2
2024-02-20T17:48:59.973 [INFO ] default - 配牌器开关:1牌:3,3,3,1,2,3,0,0,1,1,2,3,8,8,8
2024-02-20T17:48:59.974 [INFO ] default - 减少库存:32库存100532
2024-02-20T17:48:59.974 [INFO ] default - 减少奖池:0
2024-02-20T17:48:59.975 [INFO ] default - 图案排列结果
2024-02-20T17:48:59.976 [INFO ] default - [ 3, 3, 3, 1, 2 ]
2024-02-20T17:48:59.976 [INFO ] default - [ 3, 0, 0, 1, 1 ]
2024-02-20T17:48:59.978 [INFO ] default - [ 2, 3, 8, 8, 8 ]
2024-02-20T17:48:59.979 [INFO ] default - 下注:40赢:32jackpot:0expectRTP:80
2024-02-20T17:49:09.511 [INFO ] default - 添加库存:38当前库存100570
2024-02-20T17:49:09.512 [INFO ] default - 添加奖池:2
2024-02-20T17:49:09.513 [INFO ] default - 配牌器开关:1牌:3,3,3,1,2,3,0,0,1,1,2,3,8,8,8
2024-02-20T17:49:09.513 [INFO ] default - 减少库存:32库存100570
2024-02-20T17:49:09.514 [INFO ] default - 减少奖池:0
2024-02-20T17:49:09.515 [INFO ] default - 图案排列结果
2024-02-20T17:49:09.516 [INFO ] default - [ 3, 3, 3, 1, 2 ]
2024-02-20T17:49:09.516 [INFO ] default - [ 3, 0, 0, 1, 1 ]
2024-02-20T17:49:09.516 [INFO ] default - [ 2, 3, 8, 8, 8 ]
2024-02-20T17:49:09.517 [INFO ] default - 下注:40赢:32jackpot:0expectRTP:80
2024-02-20T17:50:12.925 [INFO ] default - 添加库存:38当前库存100608
2024-02-20T17:50:12.925 [INFO ] default - 添加奖池:2
2024-02-20T17:50:12.926 [INFO ] default - 配牌器开关:1牌:3,3,3,1,2,3,0,0,1,1,2,3,8,8,8
2024-02-20T17:50:12.926 [INFO ] default - 减少库存:32库存100608
2024-02-20T17:50:12.926 [INFO ] default - 减少奖池:0
2024-02-20T17:50:12.928 [INFO ] default - 图案排列结果
2024-02-20T17:50:12.928 [INFO ] default - [ 3, 3, 3, 1, 2 ]
2024-02-20T17:50:12.929 [INFO ] default - [ 3, 0, 0, 1, 1 ]
2024-02-20T17:50:12.929 [INFO ] default - [ 2, 3, 8, 8, 8 ]
2024-02-20T17:50:12.929 [INFO ] default - 下注:40赢:32jackpot:0expectRTP:80
2024-02-20T18:56:26.887 [INFO ] default - 添加库存:38当前库存100608
2024-02-20T18:56:26.889 [INFO ] default - 添加奖池:2
2024-02-20T18:56:26.890 [INFO ] default - 配牌器开关:1牌:3,3,3,1,2,3,0,0,1,1,2,3,8,8,8
2024-02-20T18:56:26.891 [INFO ] default - 减少库存:32库存100608
2024-02-20T18:56:26.891 [INFO ] default - 减少奖池:0
2024-02-20T18:56:26.894 [INFO ] default - 图案排列结果
2024-02-20T18:56:26.895 [INFO ] default - [ 3, 3, 3, 1, 2 ]
2024-02-20T18:56:26.896 [INFO ] default - [ 3, 0, 0, 1, 1 ]
2024-02-20T18:56:26.897 [INFO ] default - [ 2, 3, 8, 8, 8 ]
2024-02-20T18:56:26.898 [INFO ] default - 下注:40赢:32jackpot:0expectRTP:80
2024-03-02T15:12:20.579 [WARN ] default - 未更新用户数据离开
2024-03-04T10:33:22.905 [INFO ] default - {"bet":0,"nBetList":[40]}
2024-03-04T10:33:22.913 [INFO ] default - 添加库存:38当前库存100646
2024-03-04T10:33:22.914 [INFO ] default - 添加奖池:2
2024-03-04T10:33:22.915 [INFO ] default - 配牌器开关:true牌:3,3,3,1,2,3,0,0,1,1,2,3,8,8,8
2024-03-04T10:33:22.915 [INFO ] default - 减少库存:32库存100646
2024-03-04T10:33:22.916 [INFO ] default - 减少奖池:0
2024-03-04T10:33:22.917 [INFO ] default - 图案排列结果
2024-03-04T10:33:22.917 [INFO ] default - [ 3, 3, 3, 1, 2 ]
2024-03-04T10:33:22.917 [INFO ] default - [ 3, 0, 0, 1, 1 ]
2024-03-04T10:33:22.918 [INFO ] default - [ 2, 3, 8, 8, 8 ]
2024-03-04T10:33:22.918 [INFO ] default - 下注:40赢:32jackpot:0expectRTP:80
2024-03-04T10:33:22.919 [INFO ] default - 摇奖结果{"code":1,"userscore":202992,"winscore":32,"viewarray":{"code":2,"nHandCards":[4,4,4,2,3,4,1,1,2,2,3,4,9,9,9],"nWinLines":[1,8],"nWinLinesDetail":[[0,1,2],[5,1,2]],"nWinDetail":[16,16],"nBet":40,"win":32,"nWinCards":[true,true,true,null,null,true],"getOpenBox":{"bFlag":false,"nWinOpenBox":0},"getFreeTime":{"bFlag":true,"nFreeTime":10,"nIndex":0},"getBigWin":{"bFlag":false},"nMultiple":16,"nWinCardsDetail":[[3,3,3,1,2],[3,3,3,1,1]],"nBetTime":1709519602913,"is_free":true,"user_score":202992},"winfreeCount":10,"freeCount":10,"score_pool":0}
2024-03-04T10:33:32.029 [INFO ] default - {"bet":0,"nBetList":[40]}
2024-03-04T10:33:32.035 [INFO ] default - 添加库存:38当前库存100684
2024-03-04T10:33:32.036 [INFO ] default - 添加奖池:2
2024-03-04T10:33:32.036 [INFO ] default - 配牌器开关:true牌:3,3,3,1,2,3,0,0,1,1,2,3,8,8,8
2024-03-04T10:33:32.037 [INFO ] default - 减少库存:32库存100684
2024-03-04T10:33:32.037 [INFO ] default - 减少奖池:0
2024-03-04T10:33:32.038 [INFO ] default - 图案排列结果
2024-03-04T10:33:32.038 [INFO ] default - [ 3, 3, 3, 1, 2 ]
2024-03-04T10:33:32.038 [INFO ] default - [ 3, 0, 0, 1, 1 ]
2024-03-04T10:33:32.038 [INFO ] default - [ 2, 3, 8, 8, 8 ]
2024-03-04T10:33:32.039 [INFO ] default - 下注:40赢:32jackpot:0expectRTP:80
2024-03-04T10:33:32.039 [INFO ] default - 摇奖结果{"code":1,"userscore":203024,"winscore":32,"viewarray":{"code":2,"nHandCards":[4,4,4,2,3,4,1,1,2,2,3,4,9,9,9],"nWinLines":[1,8],"nWinLinesDetail":[[0,1,2],[5,1,2]],"nWinDetail":[16,16],"nBet":40,"win":32,"nWinCards":[true,true,true,null,null,true],"getOpenBox":{"bFlag":false,"nWinOpenBox":0},"getFreeTime":{"bFlag":true,"nFreeTime":19,"nIndex":0},"getBigWin":{"bFlag":false},"nMultiple":16,"nWinCardsDetail":[[3,3,3,1,2],[3,3,3,1,1]],"nBetTime":1709519612035,"is_free":true,"user_score":203024},"winfreeCount":10,"freeCount":19,"score_pool":0}
2024-03-05T15:05:47.476 [INFO ] default - {"bet":0,"nBetList":[40]}
2024-03-05T15:05:47.487 [INFO ] default - 未传用户ID
2024-03-05T15:05:47.488 [INFO ] default - 摇奖结果{"code":-1}
2024-03-05T15:05:54.711 [INFO ] default - {"bet":0,"nBetList":[40]}
2024-03-05T15:05:54.718 [INFO ] default - 未传用户ID
2024-03-05T15:05:54.720 [INFO ] default - 摇奖结果{"code":-1}
2024-03-05T17:47:47.803 [INFO ] default - {"bet":0,"nBetList":[40]}
2024-03-05T17:47:47.938 [INFO ] default - 添加库存:38当前库存100722
2024-03-05T17:47:47.940 [INFO ] default - 添加奖池:2
2024-03-05T17:47:47.942 [INFO ] default - 配牌器开关:true牌:3,3,3,1,2,3,0,0,1,1,2,3,8,8,8
2024-03-05T17:47:47.944 [INFO ] default - 减少库存:32库存100722
2024-03-05T17:47:47.945 [INFO ] default - 减少奖池:0
2024-03-05T17:47:47.948 [INFO ] default - 图案排列结果
2024-03-05T17:47:47.948 [INFO ] default - [ 3, 3, 3, 1, 2 ]
2024-03-05T17:47:47.949 [INFO ] default - [ 3, 0, 0, 1, 1 ]
2024-03-05T17:47:47.949 [INFO ] default - [ 2, 3, 8, 8, 8 ]
2024-03-05T17:47:47.949 [INFO ] default - 下注:40赢:32jackpot:0expectRTP:80
2024-03-05T17:47:47.950 [INFO ] default - 摇奖结果{"code":1,"userscore":299992,"winscore":32,"viewarray":{"code":2,"nHandCards":[4,4,4,2,3,4,1,1,2,2,3,4,9,9,9],"nWinLines":[1,8],"nWinLinesDetail":[[0,1,2],[5,1,2]],"nWinDetail":[16,16],"nBet":40,"win":32,"nWinCards":[true,true,true,null,null,true],"getOpenBox":{"bFlag":false,"nWinOpenBox":0},"getFreeTime":{"bFlag":true,"nFreeTime":10,"nIndex":0},"getBigWin":{"bFlag":false},"nMultiple":16,"nWinCardsDetail":[[3,3,3,1,2],[3,3,3,1,1]],"nBetTime":1709632067937,"is_free":true,"user_score":299992},"winfreeCount":10,"freeCount":10,"score_pool":0}
2024-03-05T17:47:57.186 [INFO ] default - {"bet":0,"nBetList":[40]}
2024-03-05T17:47:57.191 [INFO ] default - 添加库存:38当前库存100760
2024-03-05T17:47:57.192 [INFO ] default - 添加奖池:2
2024-03-05T17:47:57.192 [INFO ] default - 配牌器开关:true牌:3,3,3,1,2,3,0,0,1,1,2,3,8,8,8
2024-03-05T17:47:57.193 [INFO ] default - 减少库存:32库存100760
2024-03-05T17:47:57.193 [INFO ] default - 减少奖池:0
2024-03-05T17:47:57.194 [INFO ] default - 图案排列结果
2024-03-05T17:47:57.194 [INFO ] default - [ 3, 3, 3, 1, 2 ]
2024-03-05T17:47:57.194 [INFO ] default - [ 3, 0, 0, 1, 1 ]
2024-03-05T17:47:57.194 [INFO ] default - [ 2, 3, 8, 8, 8 ]
2024-03-05T17:47:57.194 [INFO ] default - 下注:40赢:32jackpot:0expectRTP:80
2024-03-05T17:47:57.195 [INFO ] default - 摇奖结果{"code":1,"userscore":300024,"winscore":32,"viewarray":{"code":2,"nHandCards":[4,4,4,2,3,4,1,1,2,2,3,4,9,9,9],"nWinLines":[1,8],"nWinLinesDetail":[[0,1,2],[5,1,2]],"nWinDetail":[16,16],"nBet":40,"win":32,"nWinCards":[true,true,true,null,null,true],"getOpenBox":{"bFlag":false,"nWinOpenBox":0},"getFreeTime":{"bFlag":true,"nFreeTime":19,"nIndex":0},"getBigWin":{"bFlag":false},"nMultiple":16,"nWinCardsDetail":[[3,3,3,1,2],[3,3,3,1,1]],"nBetTime":1709632077191,"is_free":true,"user_score":300024},"winfreeCount":10,"freeCount":19,"score_pool":0}
2024-03-06T17:14:35.134 [INFO ] default - {"bet":0,"nBetList":[40]}
2024-03-06T17:14:35.141 [INFO ] default - 21281分数不够
2024-03-06T17:14:35.142 [INFO ] default - 摇奖结果{"code":-2}
2024-03-06T17:14:38.370 [INFO ] default - {"bet":0,"nBetList":[40]}
2024-03-06T17:14:38.374 [INFO ] default - 21281分数不够
2024-03-06T17:14:38.374 [INFO ] default - 摇奖结果{"code":-2}
2024-03-06T17:14:41.566 [INFO ] default - {"bet":1,"nBetList":[80]}
2024-03-06T17:14:41.571 [INFO ] default - 21281分数不够
2024-03-06T17:14:41.571 [INFO ] default - 摇奖结果{"code":-2}
2024-03-06T17:14:45.649 [INFO ] default - {"bet":9,"nBetList":[50000]}
2024-03-06T17:14:45.652 [INFO ] default - 21281分数不够
2024-03-06T17:14:45.653 [INFO ] default - 摇奖结果{"code":-2}
2024-03-06T17:15:02.470 [INFO ] default - {"bet":4,"nBetList":[200]}
2024-03-06T17:15:02.475 [INFO ] default - 21281分数不够
2024-03-06T17:15:02.475 [INFO ] default - 摇奖结果{"code":-2}
2024-03-06T17:16:03.463 [WARN ] default - 未更新用户数据离开
2024-03-06T17:17:31.437 [INFO ] default - {"bet":0,"nBetList":[40]}
2024-03-06T17:17:31.443 [INFO ] default - 未传用户ID
2024-03-06T17:17:31.444 [INFO ] default - 摇奖结果{"code":-1}
2024-03-06T17:17:45.419 [INFO ] default - {"bet":0,"nBetList":[40]}
2024-03-06T17:17:45.423 [INFO ] default - 未传用户ID
2024-03-06T17:17:45.423 [INFO ] default - 摇奖结果{"code":-1}
2024-03-06T17:17:47.380 [INFO ] default - {"bet":0,"nBetList":[40]}
2024-03-06T17:17:47.384 [INFO ] default - 未传用户ID
2024-03-06T17:17:47.385 [INFO ] default - 摇奖结果{"code":-1}
2024-03-06T17:17:49.957 [INFO ] default - {"bet":0,"nBetList":[40]}
2024-03-06T17:17:49.963 [INFO ] default - 未传用户ID
2024-03-06T17:17:49.964 [INFO ] default - 摇奖结果{"code":-1}
2024-03-06T17:17:51.749 [INFO ] default - {"bet":0,"nBetList":[40]}
2024-03-06T17:17:51.755 [INFO ] default - 未传用户ID
2024-03-06T17:17:51.756 [INFO ] default - 摇奖结果{"code":-1}
2024-03-06T17:18:04.341 [INFO ] default - {"bet":0,"nBetList":[40]}
2024-03-06T17:18:04.347 [INFO ] default - 未传用户ID
2024-03-06T17:18:04.347 [INFO ] default - 摇奖结果{"code":-1}
2024-03-06T17:18:24.670 [INFO ] default - {"bet":0,"nBetList":[40]}
2024-03-06T17:18:24.676 [INFO ] default - 未传用户ID
2024-03-06T17:18:24.677 [INFO ] default - 摇奖结果{"code":-1}
2024-03-06T17:18:41.192 [INFO ] default - {"bet":0,"nBetList":[40]}
2024-03-06T17:18:41.194 [INFO ] default - 未传用户ID
2024-03-06T17:18:41.195 [INFO ] default - 摇奖结果{"code":-1}
2024-03-06T17:18:51.516 [INFO ] default - {"bet":0,"nBetList":[40]}
2024-03-06T17:18:51.521 [INFO ] default - 未传用户ID
2024-03-06T17:18:51.521 [INFO ] default - 摇奖结果{"code":-1}
