2024-02-05T19:59:03.808 [INFO ] default - 拉霸_268_fortunetiger服务器启动 :
2024-02-05T19:59:03.811 [INFO ] default - start at port:15168 :
2024-02-05T19:59:04.760 [INFO ] default - .登录fortunetiger服务器回应:1 :
2024-02-05T20:00:11.160 [INFO ] default - 拉霸_268_fortunetiger服务器启动 ile:ine
2024-02-05T20:00:11.165 [INFO ] default - start at port:15168 ile:ine
2024-02-05T20:00:12.532 [INFO ] default - .登录fortunetiger服务器回应:1 ile:ine
2024-02-05T20:19:08.792 [INFO ] default - 拉霸_268_fortunetiger服务器启动
2024-02-05T20:19:08.796 [INFO ] default - start at port:15168
2024-02-05T20:19:10.097 [INFO ] default - .登录fortunetiger服务器回应:1
2024-02-05T20:19:50.697 [INFO ] default - 拉霸_268_fortunetiger服务器启动
2024-02-05T20:19:50.702 [INFO ] default - start at port:15168
2024-02-05T20:19:52.054 [INFO ] default - .登录fortunetiger服务器回应:1
2024-02-05T20:20:21.179 [INFO ] default - 拉霸_268_fortunetiger服务器启动
2024-02-05T20:20:21.183 [INFO ] default - start at port:15168
2024-02-05T20:20:21.939 [INFO ] default - 登录fortunetiger服务器回应:1
2024-02-05T20:21:31.860 [INFO ] default - 拉霸_268_fortunetiger服务器启动
2024-02-05T20:21:31.864 [INFO ] default - start at port:15168
2024-02-05T20:21:32.898 [INFO ] default - 登录fortunetiger服务器回应:1
2024-02-05T20:21:40.441 [INFO ] default - 登录fortunetiger服务器回应:1
2024-02-05T20:21:40.453 [INFO ] default - 当前用户积分:10000000
2024-02-05T20:21:40.454 [INFO ] default - 配牌器开关:0牌:
2024-02-05T20:21:40.455 [INFO ] default - 图案排列结果
2024-02-05T20:21:40.455 [INFO ] default - [ 4, 0, 3 ]
2024-02-05T20:21:40.456 [INFO ] default - [ 1, 3, 2 ]
2024-02-05T20:21:40.456 [INFO ] default - [ 1, 3, 3 ]
2024-02-05T20:21:40.457 [ERROR] default - ReferenceError: target_rtp is not defined
    at Game.lottery (D:\coding\game_server\laba_168_fortunetiger\class\game.js:342:125)
    at D:\coding\game_server\laba_168_fortunetiger\app.js:191:37
    at process.processTicksAndRejections (node:internal/process/task_queues:95:5)
2024-02-05T20:22:06.159 [INFO ] default - 拉霸_268_fortunetiger服务器启动
2024-02-05T20:22:06.163 [INFO ] default - start at port:15168
2024-02-05T20:22:13.647 [INFO ] default - 登录fortunetiger服务器回应:1
2024-02-05T20:22:13.668 [INFO ] default - 当前用户积分:10000000
2024-02-05T20:22:13.669 [INFO ] default - 配牌器开关:0牌:
2024-02-05T20:22:13.670 [INFO ] default - 图案排列结果
2024-02-05T20:22:13.670 [INFO ] default - [ 5, 2, 0 ]
2024-02-05T20:22:13.671 [INFO ] default - [ 1, 3, 3 ]
2024-02-05T20:22:13.671 [INFO ] default - [ 1, 3, 1 ]
2024-02-05T20:22:13.672 [INFO ] default - 下注:65000赢:0jackpot:6433150source_rtp:0expectRTP:80
2024-02-05T20:26:06.467 [INFO ] default - 拉霸_268_fortunetiger服务器启动
2024-02-05T20:26:06.471 [INFO ] default - start at port:15168
2024-02-05T20:26:07.950 [INFO ] default - 登录fortunetiger服务器回应:1
2024-02-05T20:26:15.489 [INFO ] default - 登录fortunetiger服务器回应:1
2024-02-05T20:26:15.507 [INFO ] default - 当前用户积分:10000000
2024-02-05T20:26:15.507 [INFO ] default - 配牌器开关:0牌:
2024-02-05T20:26:15.508 [INFO ] default - 图案排列结果
2024-02-05T20:26:15.509 [INFO ] default - [ 0, 6, 3 ]
2024-02-05T20:26:15.509 [INFO ] default - [ 3, 0, 5 ]
2024-02-05T20:26:15.510 [INFO ] default - [ 4, 3, 2 ]
2024-02-05T20:26:15.510 [INFO ] default - 下注:65000赢:0jackpot:6436400source_rtp:0expectRTP:80
2024-02-05T20:26:15.512 [INFO ] default - 添加库存:61750
2024-02-05T20:26:15.512 [INFO ] default - 添加奖池:
2024-02-05T20:29:21.710 [INFO ] default - 拉霸_268_fortunetiger服务器启动
2024-02-05T20:29:21.715 [INFO ] default - start at port:15168
2024-02-05T20:29:22.672 [INFO ] default - 登录fortunetiger服务器回应:1
2024-02-05T20:29:29.723 [INFO ] default - 登录fortunetiger服务器回应:1
2024-02-05T20:29:29.743 [INFO ] default - 当前用户积分:10000000
2024-02-05T20:29:29.744 [INFO ] default - 添加库存:61750
2024-02-05T20:29:29.744 [INFO ] default - 添加奖池:
2024-02-05T20:29:29.744 [INFO ] default - 配牌器开关:0牌:
2024-02-05T20:29:29.746 [INFO ] default - 图案排列结果
2024-02-05T20:29:29.746 [INFO ] default - [ 1, 3, 2 ]
2024-02-05T20:29:29.747 [INFO ] default - [ 1, 2, 1 ]
2024-02-05T20:29:29.747 [INFO ] default - [ 4, 5, 5 ]
2024-02-05T20:29:29.747 [INFO ] default - 下注:65000赢:0jackpot:6439650source_rtp:0expectRTP:80
2024-02-05T20:30:19.457 [INFO ] default - 拉霸_268_fortunetiger服务器启动
2024-02-05T20:30:19.461 [INFO ] default - start at port:15168
2024-02-05T20:30:32.152 [INFO ] default - 登录fortunetiger服务器回应:1
2024-02-05T20:30:32.165 [INFO ] default - 当前用户积分:10000000
2024-02-05T20:30:32.165 [INFO ] default - 添加库存:61750
2024-02-05T20:30:32.166 [INFO ] default - 添加奖池:
2024-02-05T20:30:32.166 [INFO ] default - 配牌器开关:0牌:
2024-02-05T20:30:32.167 [INFO ] default - 图案排列结果
2024-02-05T20:30:32.167 [INFO ] default - [ 2, 1, 6 ]
2024-02-05T20:30:32.168 [INFO ] default - [ 6, 5, 1 ]
2024-02-05T20:30:32.168 [INFO ] default - [ 0, 3, 5 ]
2024-02-05T20:30:32.168 [INFO ] default - 下注:65000赢:0jackpot:5798935source_rtp:0expectRTP:80
2024-02-05T20:32:00.988 [INFO ] default - 拉霸_268_fortunetiger服务器启动
2024-02-05T20:32:00.992 [INFO ] default - start at port:15168
2024-02-05T20:32:01.039 [INFO ] default - 登录fortunetiger服务器回应:1
2024-02-05T20:32:09.210 [INFO ] default - 登录fortunetiger服务器回应:1
2024-02-05T20:32:09.227 [INFO ] default - 当前用户积分:10000000
2024-02-05T20:32:09.227 [INFO ] default - 添加库存:61750当前库存2185781
2024-02-05T20:32:09.228 [INFO ] default - 添加奖池:3250当前奖池true
2024-02-05T20:32:09.228 [INFO ] default - 配牌器开关:0牌:
2024-02-05T20:32:09.229 [INFO ] default - 图案排列结果
2024-02-05T20:32:09.230 [INFO ] default - [ 4, 3, 2 ]
2024-02-05T20:32:09.230 [INFO ] default - [ 4, 0, 3 ]
2024-02-05T20:32:09.231 [INFO ] default - [ 4, 2, 5 ]
2024-02-05T20:32:09.231 [INFO ] default - 下注:65000赢:0jackpot:5802185source_rtp:0expectRTP:80
2024-02-05T20:33:58.374 [INFO ] default - 拉霸_268_fortunetiger服务器启动
2024-02-05T20:33:58.379 [INFO ] default - start at port:15168
2024-02-05T20:34:00.549 [INFO ] default - 登录fortunetiger服务器回应:1
2024-02-05T20:34:08.129 [INFO ] default - 登录fortunetiger服务器回应:1
2024-02-05T20:34:08.145 [INFO ] default - 当前用户积分:10000000
2024-02-05T20:34:08.145 [INFO ] default - 添加库存:61750当前库存2185781
2024-02-05T20:34:08.145 [INFO ] default - 添加奖池:3250
2024-02-05T20:34:08.146 [INFO ] default - 配牌器开关:0牌:
2024-02-05T20:34:08.146 [INFO ] default - 减少库存:39000库存2185781
2024-02-05T20:34:08.147 [INFO ] default - 减少奖池:0
2024-02-05T20:34:08.147 [INFO ] default - 图案排列结果
2024-02-05T20:34:08.148 [INFO ] default - [ 0, 2, 4 ]
2024-02-05T20:34:08.148 [INFO ] default - [ 0, 2, 1 ]
2024-02-05T20:34:08.148 [INFO ] default - [ 0, 0, 0 ]
2024-02-05T20:34:08.149 [INFO ] default - 下注:65000赢:39000jackpot:4644998source_rtp:0expectRTP:80
2024-02-05T20:36:39.464 [INFO ] default - 拉霸_268_fortunetiger服务器启动
2024-02-05T20:36:39.467 [INFO ] default - start at port:15168
2024-02-05T20:36:39.805 [INFO ] default - 登录fortunetiger服务器回应:1
2024-02-05T20:36:46.099 [INFO ] default - 登录fortunetiger服务器回应:1
2024-02-05T20:36:46.108 [INFO ] default - 当前用户积分:10000000
2024-02-05T20:36:46.109 [INFO ] default - 添加库存:61750当前库存2185781
2024-02-05T20:36:46.110 [INFO ] default - 添加奖池:3250
2024-02-05T20:36:46.110 [INFO ] default - 配牌器开关:0牌:
2024-02-05T20:36:46.111 [INFO ] default - 减少库存:169000库存2185781
2024-02-05T20:36:46.111 [INFO ] default - 减少奖池:0
2024-02-05T20:36:46.112 [INFO ] default - 图案排列结果
2024-02-05T20:36:46.112 [INFO ] default - [ 0, 3, 3 ]
2024-02-05T20:36:46.112 [INFO ] default - [ 0, 6, 5 ]
2024-02-05T20:36:46.113 [INFO ] default - [ 3, 1, 0 ]
2024-02-05T20:36:46.113 [INFO ] default - 下注:65000赢:169000获得jackpot:0source_rtp:0expectRTP:80
2024-02-05T21:01:05.717 [INFO ] default - 拉霸_268_fortunetiger服务器启动
2024-02-05T21:01:05.723 [INFO ] default - start at port:15168
2024-02-05T21:01:12.888 [INFO ] default - 登录fortunetiger服务器回应:1
2024-02-05T21:01:12.902 [INFO ] default - 当前用户积分:10000000
2024-02-05T21:01:12.903 [INFO ] default - 添加库存:61750当前库存2247531
2024-02-05T21:01:12.903 [INFO ] default - 添加奖池:3250
2024-02-05T21:01:12.904 [INFO ] default - 配牌器开关:0牌:
2024-02-05T21:01:12.904 [INFO ] default - 减少库存:13000库存2247531
2024-02-05T21:01:12.904 [INFO ] default - 减少奖池:0
2024-02-05T21:01:12.905 [INFO ] default - 图案排列结果
2024-02-05T21:01:12.905 [INFO ] default - [ 0, 0, 3 ]
2024-02-05T21:01:12.906 [INFO ] default - [ 7, 7, 7 ]
2024-02-05T21:01:12.906 [INFO ] default - [ 1, 3, 2 ]
2024-02-05T21:01:12.907 [INFO ] default - 下注:65000赢:13000获得jackpot:0source_rtp:0expectRTP:80
2024-02-05T21:02:12.363 [INFO ] default - 登录fortunetiger服务器回应:1
2024-02-05T21:02:12.378 [INFO ] default - 当前用户积分:9948000
2024-02-05T21:02:12.378 [INFO ] default - 添加库存:61750当前库存2309281
2024-02-05T21:02:12.379 [INFO ] default - 添加奖池:3250
2024-02-05T21:02:12.379 [INFO ] default - 配牌器开关:0牌:
2024-02-05T21:02:17.115 [INFO ] default - 图案排列结果
2024-02-05T21:02:17.116 [INFO ] default - [ 4, 4, 5 ]
2024-02-05T21:02:17.117 [INFO ] default - [ 6, 0, 5 ]
2024-02-05T21:02:17.117 [INFO ] default - [ 4, 1, 5 ]
2024-02-05T21:02:17.118 [INFO ] default - 下注:65000赢:0获得jackpot:0source_rtp:0expectRTP:80
2024-02-05T21:02:42.626 [INFO ] default - 登录fortunetiger服务器回应:1
2024-02-05T21:02:42.631 [INFO ] default - 当前用户积分:9883000
2024-02-05T21:02:42.632 [INFO ] default - 添加库存:61750当前库存2371031
2024-02-05T21:02:42.632 [INFO ] default - 添加奖池:3250
2024-02-05T21:02:49.971 [INFO ] default - 配牌器开关:0牌:
2024-02-05T21:02:51.809 [INFO ] default - 图案排列结果
2024-02-05T21:02:51.809 [INFO ] default - [ 1, 5, 3 ]
2024-02-05T21:02:51.810 [INFO ] default - [ 3, 0, 3 ]
2024-02-05T21:02:51.810 [INFO ] default - [ 4, 1, 0 ]
2024-02-05T21:02:51.811 [INFO ] default - 下注:65000赢:0获得jackpot:0source_rtp:0expectRTP:80
2024-02-05T21:03:05.320 [INFO ] default - 登录fortunetiger服务器回应:1
2024-02-05T21:03:05.336 [INFO ] default - 当前用户积分:9818000
2024-02-05T21:03:05.337 [INFO ] default - 添加库存:61750当前库存2432781
2024-02-05T21:03:05.337 [INFO ] default - 添加奖池:3250
2024-02-05T21:03:15.121 [INFO ] default - 配牌器开关:0牌:
2024-02-05T21:04:08.954 [INFO ] default - 图案排列结果
2024-02-05T21:04:08.955 [INFO ] default - [ 1, 2, 1 ]
2024-02-05T21:04:08.956 [INFO ] default - [ 3, 4, 2 ]
2024-02-05T21:04:08.957 [INFO ] default - [ 2, 6, 5 ]
2024-02-05T21:04:08.957 [INFO ] default - 下注:65000赢:0获得jackpot:0source_rtp:0expectRTP:80
2024-02-05T21:04:35.810 [INFO ] default - 拉霸_268_fortunetiger服务器启动
2024-02-05T21:04:35.815 [INFO ] default - start at port:15168
2024-02-05T21:04:37.047 [INFO ] default - 登录fortunetiger服务器回应:1
2024-02-05T21:04:41.979 [INFO ] default - 登录fortunetiger服务器回应:1
2024-02-05T21:04:41.998 [INFO ] default - 当前用户积分:9818000
2024-02-05T21:04:41.998 [INFO ] default - 添加库存:61750当前库存2247531
2024-02-05T21:04:41.999 [INFO ] default - 添加奖池:3250
2024-02-05T21:04:50.783 [INFO ] default - 配牌器开关:0牌:
2024-02-05T21:04:50.785 [INFO ] default - 图案排列结果
2024-02-05T21:04:50.786 [INFO ] default - [ 3, 0, 1 ]
2024-02-05T21:04:50.786 [INFO ] default - [ 1, 5, 4 ]
2024-02-05T21:04:50.787 [INFO ] default - [ 3, 4, 3 ]
2024-02-05T21:04:50.788 [INFO ] default - 下注:65000赢:0获得jackpot:0source_rtp:0expectRTP:80
2024-02-05T21:05:02.360 [INFO ] default - 登录fortunetiger服务器回应:1
2024-02-05T21:05:02.377 [INFO ] default - 当前用户积分:9753000
2024-02-05T21:05:02.378 [INFO ] default - 添加库存:61750当前库存2309281
2024-02-05T21:05:02.378 [INFO ] default - 添加奖池:3250
2024-02-05T21:05:02.378 [INFO ] default - 配牌器开关:0牌:
2024-02-05T21:05:02.379 [INFO ] default - 减少库存:1300000库存2309281
2024-02-05T21:05:02.379 [INFO ] default - 减少奖池:0
2024-02-05T21:05:02.380 [INFO ] default - 图案排列结果
2024-02-05T21:05:02.380 [INFO ] default - [ 5, 2, 0 ]
2024-02-05T21:05:02.381 [INFO ] default - [ 5, 5, 5 ]
2024-02-05T21:05:02.381 [INFO ] default - [ 0, 6, 2 ]
2024-02-05T21:05:02.381 [INFO ] default - 下注:65000赢:1300000获得jackpot:0source_rtp:0expectRTP:80
2024-02-05T21:05:12.052 [INFO ] default - 登录fortunetiger服务器回应:1
2024-02-05T21:05:12.061 [INFO ] default - 当前用户积分:10988000
2024-02-05T21:05:12.061 [INFO ] default - 添加库存:61750当前库存2371031
2024-02-05T21:05:12.062 [INFO ] default - 添加奖池:3250
2024-02-05T21:05:12.062 [INFO ] default - 配牌器开关:0牌:
2024-02-05T21:05:12.062 [INFO ] default - 减少库存:65000库存2371031
2024-02-05T21:05:12.062 [INFO ] default - 减少奖池:0
2024-02-05T21:05:12.063 [INFO ] default - 图案排列结果
2024-02-05T21:05:12.063 [INFO ] default - [ 1, 4, 0 ]
2024-02-05T21:05:12.063 [INFO ] default - [ 0, 2, 4 ]
2024-02-05T21:05:12.064 [INFO ] default - [ 1, 6, 1 ]
2024-02-05T21:05:12.064 [INFO ] default - 下注:65000赢:65000获得jackpot:0source_rtp:0expectRTP:80
2024-02-05T21:05:33.151 [INFO ] default - 登录fortunetiger服务器回应:1
2024-02-05T21:05:33.156 [INFO ] default - 当前用户积分:10988000
2024-02-05T21:07:03.614 [INFO ] default - 拉霸_268_fortunetiger服务器启动
2024-02-05T21:07:03.618 [INFO ] default - start at port:15168
2024-02-05T21:07:04.857 [INFO ] default - 登录fortunetiger服务器回应:1
2024-02-05T21:07:06.634 [INFO ] default - 登录fortunetiger服务器回应:1
2024-02-05T21:07:06.640 [INFO ] default - 当前用户积分:10988000
2024-02-05T21:09:23.991 [INFO ] default - 拉霸_268_fortunetiger服务器启动
2024-02-05T21:09:23.995 [INFO ] default - start at port:15168
2024-02-05T21:09:25.625 [INFO ] default - 登录fortunetiger服务器回应:1
2024-02-05T21:09:35.229 [INFO ] default - 登录fortunetiger服务器回应:1
2024-02-05T21:09:35.242 [INFO ] default - 当前用户积分:10988000
2024-02-05T21:09:35.242 [INFO ] default - 添加库存:61750当前库存2247531
2024-02-05T21:09:35.243 [INFO ] default - 添加奖池:3250
2024-02-05T21:09:57.409 [INFO ] default - 配牌器开关:0牌:
2024-02-05T21:09:57.412 [INFO ] default - 图案排列结果
2024-02-05T21:09:57.413 [INFO ] default - [ 0, 0, 3 ]
2024-02-05T21:09:57.414 [INFO ] default - [ 2, 0, 1 ]
2024-02-05T21:09:57.415 [INFO ] default - [ 0, 2, 1 ]
2024-02-05T21:09:57.416 [INFO ] default - 下注:65000赢:0获得jackpot:0source_rtp:0expectRTP:80
2024-02-05T21:10:36.787 [INFO ] default - 拉霸_268_fortunetiger服务器启动
2024-02-05T21:10:36.791 [INFO ] default - start at port:15168
2024-02-05T21:10:36.947 [INFO ] default - 登录fortunetiger服务器回应:1
2024-02-05T21:10:49.841 [INFO ] default - 登录fortunetiger服务器回应:1
2024-02-05T21:10:49.858 [INFO ] default - 当前用户积分:10988000
2024-02-05T21:10:49.858 [INFO ] default - 添加库存:61750当前库存2309281
2024-02-05T21:10:49.859 [INFO ] default - 添加奖池:3250
2024-02-05T21:11:39.143 [INFO ] default - 配牌器开关:0牌:
2024-02-05T21:13:51.137 [INFO ] default - 减少库存:13000库存2309281
2024-02-05T21:13:51.138 [INFO ] default - 减少奖池:0
2024-02-05T21:13:51.140 [INFO ] default - 图案排列结果
2024-02-05T21:13:51.140 [INFO ] default - [ 5, 1, 3 ]
2024-02-05T21:13:51.141 [INFO ] default - [ 0, 2, 2 ]
2024-02-05T21:13:51.141 [INFO ] default - [ 7, 7, 7 ]
2024-02-05T21:13:51.142 [INFO ] default - 下注:65000赢:13000获得jackpot:0source_rtp:0expectRTP:80
2024-02-05T21:13:52.656 [INFO ] default - 登录fortunetiger服务器回应:1
2024-02-05T21:14:42.813 [INFO ] default - 拉霸_268_fortunetiger服务器启动
2024-02-05T21:14:42.817 [INFO ] default - start at port:15168
2024-02-05T21:14:51.111 [INFO ] default - 登录fortunetiger服务器回应:1
2024-02-05T21:14:51.122 [INFO ] default - 当前用户积分:10988000
2024-02-05T21:14:51.123 [INFO ] default - 添加库存:61750当前库存2309281
2024-02-05T21:14:51.123 [INFO ] default - 添加奖池:3250
2024-02-05T21:14:55.211 [INFO ] default - 配牌器开关:0牌:
2024-02-05T21:14:55.213 [INFO ] default - 图案排列结果
2024-02-05T21:14:55.214 [INFO ] default - [ 1, 2, 3 ]
2024-02-05T21:14:55.215 [INFO ] default - [ 4, 0, 3 ]
2024-02-05T21:14:55.216 [INFO ] default - [ 5, 5, 0 ]
2024-02-05T21:14:55.216 [INFO ] default - 下注:65000赢:0获得jackpot:0source_rtp:0expectRTP:80
2024-02-05T21:15:06.307 [INFO ] default - 登录fortunetiger服务器回应:1
2024-02-05T21:15:06.317 [INFO ] default - 当前用户积分:10923000
2024-02-05T21:15:06.317 [INFO ] default - 添加库存:61750当前库存2371031
2024-02-05T21:15:06.318 [INFO ] default - 添加奖池:3250
2024-02-05T21:15:11.594 [INFO ] default - 配牌器开关:0牌:
2024-02-05T21:15:17.354 [INFO ] default - 减少库存:13000库存2371031
2024-02-05T21:15:17.355 [INFO ] default - 减少奖池:170260.00
2024-02-05T21:15:17.356 [INFO ] default - 图案排列结果
2024-02-05T21:15:17.357 [INFO ] default - [ 6, 1, 0 ]
2024-02-05T21:15:17.357 [INFO ] default - [ 7, 7, 7 ]
2024-02-05T21:15:17.358 [INFO ] default - [ 0, 5, 2 ]
2024-02-05T21:15:17.358 [INFO ] default - 下注:65000赢:13000获得jackpot:170260.00source_rtp:0expectRTP:80
2024-02-05T21:16:09.644 [INFO ] default - 拉霸_268_fortunetiger服务器启动
2024-02-05T21:16:09.649 [INFO ] default - start at port:15168
2024-02-05T21:16:11.965 [INFO ] default - 登录fortunetiger服务器回应:1
2024-02-05T21:16:21.384 [INFO ] default - 登录fortunetiger服务器回应:1
2024-02-05T21:16:21.404 [INFO ] default - 当前用户积分:10923000
2024-02-05T21:16:21.405 [INFO ] default - 添加库存:61750当前库存2309281
2024-02-05T21:16:21.406 [INFO ] default - 添加奖池:3250
2024-02-05T21:16:21.406 [INFO ] default - 配牌器开关:0牌:
2024-02-05T21:16:23.258 [INFO ] default - 减少库存:13000库存2309281
2024-02-05T21:16:23.259 [INFO ] default - 减少奖池:166920
2024-02-05T21:16:23.260 [INFO ] default - 图案排列结果
2024-02-05T21:16:23.260 [INFO ] default - [ 0, 0, 5 ]
2024-02-05T21:16:23.261 [INFO ] default - [ 0, 0, 5 ]
2024-02-05T21:16:23.261 [INFO ] default - [ 7, 7, 7 ]
2024-02-05T21:16:23.262 [INFO ] default - 下注:65000赢:13000获得jackpot:166920source_rtp:0expectRTP:80
2024-02-06T09:43:12.144 [INFO ] default - 拉霸_268_fortunetiger服务器启动
2024-02-06T09:43:12.148 [INFO ] default - start at port:15168
2024-02-06T09:43:20.582 [INFO ] default - 登录fortunetiger服务器回应:1
2024-02-06T09:43:20.591 [INFO ] default - 当前用户积分:10923000
2024-02-06T09:43:20.591 [INFO ] default - 添加库存:61750当前库存2309281
2024-02-06T09:43:20.592 [INFO ] default - 添加奖池:3250
2024-02-06T09:43:20.592 [INFO ] default - 配牌器开关:0牌:
2024-02-06T09:43:20.593 [INFO ] default - 图案排列结果
2024-02-06T09:43:20.593 [INFO ] default - [ 5, 5, 0 ]
2024-02-06T09:43:20.594 [INFO ] default - [ 5, 5, 4 ]
2024-02-06T09:43:20.594 [INFO ] default - [ 1, 3, 3 ]
2024-02-06T09:43:20.595 [INFO ] default - 下注:65000赢:0获得jackpot:0source_rtp:0expectRTP:80
2024-02-06T09:43:50.385 [INFO ] default - 登录fortunetiger服务器回应:1
2024-02-06T09:43:50.390 [INFO ] default - 当前用户积分:10858000
2024-02-06T09:43:50.390 [INFO ] default - 添加库存:61750当前库存2371031
2024-02-06T09:45:12.300 [INFO ] default - 拉霸_268_fortunetiger服务器启动
2024-02-06T09:45:12.304 [INFO ] default - start at port:15168
2024-02-06T09:45:12.349 [INFO ] default - 登录fortunetiger服务器回应:1
2024-02-06T09:45:15.845 [INFO ] default - 登录fortunetiger服务器回应:1
2024-02-06T09:45:15.851 [INFO ] default - 当前用户积分:10858000
2024-02-06T09:45:15.852 [INFO ] default - 添加库存:61750当前库存2309281
2024-02-06T09:45:15.852 [INFO ] default - 添加奖池:3250
2024-02-06T09:45:15.853 [INFO ] default - 配牌器开关:0牌:
2024-02-06T09:45:28.943 [INFO ] default - 减少库存:0库存2309281
2024-02-06T09:45:28.944 [INFO ] default - 减少奖池:162139
2024-02-06T09:45:28.945 [INFO ] default - 图案排列结果
2024-02-06T09:45:28.945 [INFO ] default - [ 1, 3, 3 ]
2024-02-06T09:45:28.946 [INFO ] default - [ 0, 4, 2 ]
2024-02-06T09:45:28.947 [INFO ] default - [ 4, 3, 4 ]
2024-02-06T09:45:28.948 [INFO ] default - 下注:65000赢:0获得jackpot:162139source_rtp:0expectRTP:80
2024-02-06T09:45:37.863 [INFO ] default - 登录fortunetiger服务器回应:1
2024-02-06T09:45:37.884 [INFO ] default - 当前用户积分:10955139
2024-02-06T09:47:42.816 [INFO ] default - 拉霸_268_fortunetiger服务器启动
2024-02-06T09:47:42.821 [INFO ] default - start at port:15168
2024-02-06T09:47:43.123 [INFO ] default - 登录fortunetiger服务器回应:1
2024-02-06T09:49:01.485 [INFO ] default - 拉霸_268_fortunetiger服务器启动
2024-02-06T09:49:01.489 [INFO ] default - start at port:15168
2024-02-06T10:01:01.210 [INFO ] default - 拉霸_268_fortunetiger服务器启动
2024-02-06T10:01:01.214 [INFO ] default - start at port:15168
2024-02-06T10:04:59.452 [INFO ] default - 登录fortunetiger服务器回应:1
2024-02-06T10:04:59.474 [INFO ] default - 当前用户积分:10955139
2024-02-06T10:04:59.474 [INFO ] default - 添加库存:61750当前库存2309281
2024-02-06T10:04:59.474 [INFO ] default - 添加奖池:3250
2024-02-06T10:04:59.475 [INFO ] default - 配牌器开关:1牌:
2024-02-06T10:05:13.961 [INFO ] default - 减少库存:65000000库存2309281
2024-02-06T10:05:13.962 [INFO ] default - 减少奖池:0
2024-02-06T10:05:13.964 [INFO ] default - 图案排列结果
2024-02-06T10:05:13.965 [INFO ] default - [ 5, 5, 5 ]
2024-02-06T10:05:13.965 [INFO ] default - [ 5, 5, 5 ]
2024-02-06T10:05:13.966 [INFO ] default - [ 5, 5, 5 ]
2024-02-06T10:05:13.967 [INFO ] default - 下注:65000赢:65000000获得jackpot:0source_rtp:0expectRTP:80
2024-02-06T10:07:08.390 [INFO ] default - 登录fortunetiger服务器回应:1
2024-02-06T10:07:08.395 [INFO ] default - 当前用户积分:75890139
2024-02-06T10:07:08.395 [INFO ] default - 添加库存:61750当前库存2371031
2024-02-06T10:07:08.395 [INFO ] default - 添加奖池:3250
2024-02-06T10:07:08.395 [INFO ] default - 配牌器开关:1牌:
2024-02-06T10:07:08.396 [INFO ] default - 减少库存:65000000库存2371031
2024-02-06T10:07:08.396 [INFO ] default - 减少奖池:0
2024-02-06T10:07:08.397 [INFO ] default - 图案排列结果
2024-02-06T10:07:08.397 [INFO ] default - [ 5, 5, 5 ]
2024-02-06T10:07:08.397 [INFO ] default - [ 5, 5, 5 ]
2024-02-06T10:07:08.398 [INFO ] default - [ 5, 5, 5 ]
2024-02-06T10:07:08.398 [INFO ] default - 下注:65000赢:65000000获得jackpot:0source_rtp:0expectRTP:80
2024-02-06T10:08:46.161 [INFO ] default - 拉霸_268_fortunetiger服务器启动
2024-02-06T10:08:46.166 [INFO ] default - start at port:15168
2024-02-06T10:08:57.827 [INFO ] default - 登录fortunetiger服务器回应:1
2024-02-06T10:08:57.836 [INFO ] default - 当前用户积分:75890139
2024-02-06T10:08:57.836 [INFO ] default - 添加库存:61750当前库存2309281
2024-02-06T10:08:57.837 [INFO ] default - 添加奖池:3250
2024-02-06T10:08:57.837 [INFO ] default - 配牌器开关:1牌:
2024-02-06T10:08:57.838 [INFO ] default - 减少库存:52000库存2309281
2024-02-06T10:08:57.838 [INFO ] default - 减少奖池:0
2024-02-06T10:08:57.839 [INFO ] default - 图案排列结果
2024-02-06T10:08:57.839 [INFO ] default - [ 7, 7, 7 ]
2024-02-06T10:08:57.839 [INFO ] default - [ 0, 0, 0 ]
2024-02-06T10:08:57.840 [INFO ] default - [ 1, 2, 3 ]
2024-02-06T10:08:57.840 [INFO ] default - 下注:65000赢:52000获得jackpot:0source_rtp:0expectRTP:80
2024-02-06T10:14:24.679 [INFO ] default - 登录fortunetiger服务器回应:1
2024-02-06T10:14:24.699 [INFO ] default - 当前用户积分:75877139
2024-02-06T10:14:24.699 [INFO ] default - 添加库存:61750当前库存2371031
2024-02-06T10:14:24.700 [INFO ] default - 添加奖池:3250
2024-02-06T10:14:24.700 [INFO ] default - 配牌器开关:1牌:
2024-02-06T10:14:24.700 [INFO ] default - 减少库存:52000库存2371031
2024-02-06T10:14:24.701 [INFO ] default - 减少奖池:0
2024-02-06T10:14:24.701 [INFO ] default - 图案排列结果
2024-02-06T10:14:24.701 [INFO ] default - [ 7, 7, 7 ]
2024-02-06T10:14:24.702 [INFO ] default - [ 0, 0, 0 ]
2024-02-06T10:14:24.702 [INFO ] default - [ 1, 2, 3 ]
2024-02-06T10:14:24.702 [INFO ] default - 下注:65000赢:52000获得jackpot:0source_rtp:0expectRTP:80
2024-02-06T10:18:20.182 [INFO ] default - 登录fortunetiger服务器回应:1
2024-02-06T10:18:20.200 [INFO ] default - 当前用户积分:75864139
2024-02-06T10:18:20.201 [INFO ] default - 添加库存:61750当前库存2432781
2024-02-06T10:18:20.201 [INFO ] default - 添加奖池:3250
2024-02-06T10:18:20.201 [INFO ] default - 配牌器开关:1牌:
2024-02-06T10:18:20.201 [INFO ] default - 减少库存:52000库存2432781
2024-02-06T10:18:20.201 [INFO ] default - 减少奖池:0
2024-02-06T10:18:20.202 [INFO ] default - 图案排列结果
2024-02-06T10:18:20.203 [INFO ] default - [ 7, 7, 7 ]
2024-02-06T10:18:20.203 [INFO ] default - [ 0, 0, 0 ]
2024-02-06T10:18:20.203 [INFO ] default - [ 1, 2, 3 ]
2024-02-06T10:18:20.204 [INFO ] default - 下注:65000赢:52000获得jackpot:0source_rtp:0expectRTP:80
2024-02-06T10:20:32.149 [INFO ] default - 登录fortunetiger服务器回应:1
2024-02-06T10:20:32.160 [INFO ] default - 当前用户积分:75851139
2024-02-06T10:20:32.161 [INFO ] default - 添加库存:61750当前库存2494531
2024-02-06T10:20:32.161 [INFO ] default - 添加奖池:3250
2024-02-06T10:20:32.162 [INFO ] default - 配牌器开关:1牌:
2024-02-06T10:20:32.162 [INFO ] default - 减少库存:52000库存2494531
2024-02-06T10:20:32.162 [INFO ] default - 减少奖池:0
2024-02-06T10:20:32.163 [INFO ] default - 图案排列结果
2024-02-06T10:20:32.163 [INFO ] default - [ 7, 7, 7 ]
2024-02-06T10:20:32.163 [INFO ] default - [ 0, 0, 0 ]
2024-02-06T10:20:32.163 [INFO ] default - [ 1, 2, 3 ]
2024-02-06T10:20:32.164 [INFO ] default - 下注:65000赢:52000获得jackpot:0source_rtp:0expectRTP:80
2024-02-06T10:24:56.808 [INFO ] default - 拉霸_268_fortunetiger服务器启动
2024-02-06T10:24:56.812 [INFO ] default - start at port:15168
2024-02-06T10:24:57.639 [INFO ] default - 登录fortunetiger服务器回应:1
2024-02-06T10:25:02.993 [INFO ] default - 登录fortunetiger服务器回应:1
2024-02-06T10:25:03.000 [INFO ] default - 当前用户积分:75851139
2024-02-06T10:25:03.000 [INFO ] default - 添加库存:61750当前库存2494531
2024-02-06T10:25:03.001 [INFO ] default - 添加奖池:3250
2024-02-06T10:25:03.001 [INFO ] default - 配牌器开关:1牌:
2024-02-06T10:25:03.002 [INFO ] default - 减少库存:13000库存2494531
2024-02-06T10:25:03.002 [INFO ] default - 减少奖池:0
2024-02-06T10:25:03.003 [INFO ] default - 图案排列结果
2024-02-06T10:25:03.003 [INFO ] default - [ 7, 7, 7 ]
2024-02-06T10:25:03.004 [INFO ] default - [ 0, 0, 1 ]
2024-02-06T10:25:03.004 [INFO ] default - [ 1, 2, 3 ]
2024-02-06T10:25:03.005 [INFO ] default - 下注:65000赢:13000获得jackpot:0source_rtp:0expectRTP:80
2024-02-06T10:27:02.234 [INFO ] default - 拉霸_268_fortunetiger服务器启动
2024-02-06T10:27:02.237 [INFO ] default - start at port:15168
2024-02-06T10:27:03.174 [INFO ] default - 登录fortunetiger服务器回应:1
2024-02-06T10:27:06.341 [INFO ] default - 登录fortunetiger服务器回应:1
2024-02-06T10:27:06.352 [INFO ] default - 当前用户积分:75851139
2024-02-06T10:33:34.356 [INFO ] default - 拉霸_268_fortunetiger服务器启动
2024-02-06T10:33:34.360 [INFO ] default - start at port:15168
2024-02-06T10:33:36.830 [INFO ] default - 登录fortunetiger服务器回应:1
2024-02-06T10:33:41.677 [INFO ] default - 登录fortunetiger服务器回应:1
2024-02-06T10:33:41.695 [INFO ] default - 当前用户积分:75851139
2024-02-06T10:33:41.695 [INFO ] default - 添加库存:61750当前库存2494531
2024-02-06T10:33:41.696 [INFO ] default - 添加奖池:3250
2024-02-06T10:33:41.696 [INFO ] default - 配牌器开关:1牌:
2024-02-06T10:34:14.375 [INFO ] default - 图案排列结果
2024-02-06T10:34:14.376 [INFO ] default - [ 7, 7, 7 ]
2024-02-06T10:34:14.377 [INFO ] default - [ 0, 0, 1 ]
2024-02-06T10:34:14.377 [INFO ] default - [ 1, 2, 3 ]
2024-02-06T10:34:14.378 [INFO ] default - 下注:65000赢:0获得jackpot:0source_rtp:0expectRTP:80
2024-02-06T10:41:40.480 [INFO ] default - 拉霸_268_fortunetiger服务器启动
2024-02-06T10:41:40.485 [INFO ] default - start at port:15168
2024-02-06T10:41:40.541 [INFO ] default - 登录fortunetiger服务器回应:1
2024-02-06T10:41:48.981 [INFO ] default - 登录fortunetiger服务器回应:1
2024-02-06T10:41:48.998 [INFO ] default - 当前用户积分:75851139
2024-02-06T10:41:48.998 [INFO ] default - 添加库存:61750当前库存2556281
2024-02-06T10:41:48.999 [INFO ] default - 添加奖池:3250
2024-02-06T10:41:48.999 [INFO ] default - 配牌器开关:1牌:
2024-02-06T10:41:49.000 [INFO ] default - 图案排列结果
2024-02-06T10:41:49.001 [INFO ] default - [ 7, 7, 7 ]
2024-02-06T10:41:49.001 [INFO ] default - [ 0, 0, 1 ]
2024-02-06T10:41:49.002 [INFO ] default - [ 1, 2, 3 ]
2024-02-06T10:41:49.002 [INFO ] default - 下注:65000赢:0获得jackpot:0source_rtp:0expectRTP:80
2024-02-06T11:44:27.956 [INFO ] default - 拉霸_268_fortunetiger服务器启动
2024-02-06T11:44:27.962 [INFO ] default - start at port:15168
2024-02-06T12:34:42.011 [INFO ] default - 拉霸_268_fortunetiger服务器启动
2024-02-06T12:34:42.015 [INFO ] default - start at port:15168
2024-02-06T17:49:14.213 [INFO ] default - 拉霸_268_fortunetiger服务器启动
2024-02-06T17:49:14.218 [INFO ] default - start at port:15168
2024-02-06T17:49:40.199 [INFO ] default - 登录fortunetiger服务器回应:1
2024-02-06T17:49:48.958 [INFO ] default - 当前用户积分:10000466
2024-02-06T17:49:48.959 [INFO ] default - 添加库存:38当前库存100038
2024-02-06T17:49:48.959 [INFO ] default - 添加奖池:2
2024-02-06T17:49:48.960 [INFO ] default - 配牌器开关:0牌:
2024-02-06T17:49:48.961 [INFO ] default - 图案排列结果
2024-02-06T17:49:48.962 [INFO ] default - [ 0, 1, 5 ]
2024-02-06T17:49:48.962 [INFO ] default - [ 1, 1, 3 ]
2024-02-06T17:49:48.963 [INFO ] default - [ 3, 1, 1 ]
2024-02-06T17:49:48.964 [INFO ] default - 下注:40赢:0获得jackpot:0source_rtp:0expectRTP:80
2024-02-06T17:50:57.928 [INFO ] default - 当前用户积分:10000426
2024-02-06T17:50:57.928 [INFO ] default - 添加库存:38当前库存100076
2024-02-06T17:50:57.929 [INFO ] default - 添加奖池:2
2024-02-06T17:50:57.929 [INFO ] default - 配牌器开关:0牌:
2024-02-06T17:50:57.930 [INFO ] default - 图案排列结果
2024-02-06T17:50:57.930 [INFO ] default - [ 3, 3, 1 ]
2024-02-06T17:50:57.930 [INFO ] default - [ 1, 2, 5 ]
2024-02-06T17:50:57.931 [INFO ] default - [ 0, 1, 1 ]
2024-02-06T17:50:57.931 [INFO ] default - 下注:40赢:0获得jackpot:0source_rtp:0expectRTP:80
2024-02-06T17:51:02.967 [INFO ] default - 当前用户积分:10000386
2024-02-06T17:51:02.968 [INFO ] default - 添加库存:38当前库存100114
2024-02-06T17:51:02.968 [INFO ] default - 添加奖池:2
2024-02-06T17:51:02.968 [INFO ] default - 配牌器开关:0牌:
2024-02-06T17:51:02.970 [INFO ] default - 图案排列结果
2024-02-06T17:51:02.970 [INFO ] default - [ 1, 2, 1 ]
2024-02-06T17:51:02.971 [INFO ] default - [ 5, 3, 1 ]
2024-02-06T17:51:02.971 [INFO ] default - [ 0, 0, 5 ]
2024-02-06T17:51:02.972 [INFO ] default - 下注:40赢:0获得jackpot:0source_rtp:0expectRTP:80
2024-02-06T17:51:19.011 [INFO ] default - 当前用户积分:10000346
2024-02-06T17:51:19.012 [INFO ] default - 添加库存:38当前库存100152
2024-02-06T17:51:19.012 [INFO ] default - 添加奖池:2
2024-02-06T17:51:19.012 [INFO ] default - 配牌器开关:0牌:
2024-02-06T17:51:19.013 [INFO ] default - 图案排列结果
2024-02-06T17:51:19.014 [INFO ] default - [ 4, 1, 1 ]
2024-02-06T17:51:19.014 [INFO ] default - [ 0, 4, 3 ]
2024-02-06T17:51:19.014 [INFO ] default - [ 6, 1, 0 ]
2024-02-06T17:51:19.014 [INFO ] default - 下注:40赢:0获得jackpot:0source_rtp:0expectRTP:80
2024-02-06T17:51:51.378 [INFO ] default - 当前用户积分:10000306
2024-02-06T17:51:51.379 [INFO ] default - 添加库存:38当前库存100190
2024-02-06T17:51:51.379 [INFO ] default - 添加奖池:2
2024-02-06T17:51:51.380 [INFO ] default - 配牌器开关:0牌:
2024-02-06T17:51:51.380 [INFO ] default - 图案排列结果
2024-02-06T17:51:51.381 [INFO ] default - [ 3, 4, 4 ]
2024-02-06T17:51:51.381 [INFO ] default - [ 3, 0, 5 ]
2024-02-06T17:51:51.381 [INFO ] default - [ 3, 1, 5 ]
2024-02-06T17:51:51.382 [INFO ] default - 下注:40赢:0获得jackpot:0source_rtp:0expectRTP:80
2024-02-07T14:13:53.114 [INFO ] default - 拉霸_268_fortunetiger服务器启动
2024-02-07T14:13:53.119 [INFO ] default - start at port:15168
2024-02-07T14:13:55.349 [INFO ] default - 登录fortunetiger服务器回应:1
2024-02-07T14:13:58.984 [INFO ] default - 当前用户积分:9999306
2024-02-07T14:13:58.986 [INFO ] default - 添加库存:38当前库存100076
2024-02-07T14:13:58.986 [INFO ] default - 添加奖池:2
2024-02-07T14:13:58.986 [INFO ] default - 配牌器开关:0牌:
2024-02-07T14:13:58.988 [INFO ] default - 图案排列结果
2024-02-07T14:13:58.988 [INFO ] default - [ 0, 3, 5 ]
2024-02-07T14:13:58.989 [INFO ] default - [ 4, 4, 1 ]
2024-02-07T14:13:58.990 [INFO ] default - [ 0, 6, 1 ]
2024-02-07T14:13:58.991 [INFO ] default - 下注:40赢:0获得jackpot:0source_rtp:0expectRTP:80
2024-02-20T15:13:13.517 [INFO ] default - 拉霸_268_fortunetiger服务器启动
2024-02-20T15:13:13.521 [INFO ] default - start at port:15168
2024-02-20T15:36:24.243 [INFO ] default - 拉霸_268_fortunetiger服务器启动
2024-02-20T15:36:24.247 [INFO ] default - start at port:15168
2024-02-20T15:36:54.145 [INFO ] default - 登录fortunetiger服务器回应:1
2024-02-20T15:37:01.036 [INFO ] default - 当前用户积分:10072189
2024-02-20T15:37:24.480 [INFO ] default - 拉霸_268_fortunetiger服务器启动
2024-02-20T15:37:24.486 [INFO ] default - start at port:15168
2024-02-20T15:37:25.778 [INFO ] default - 登录fortunetiger服务器回应:1
2024-02-20T15:37:45.245 [INFO ] default - 登录fortunetiger服务器回应:1
2024-02-20T15:37:49.203 [INFO ] default - 当前用户积分:10072189
2024-02-20T15:45:24.644 [INFO ] default - 拉霸_268_fortunetiger服务器启动
2024-02-20T15:45:24.650 [INFO ] default - start at port:15168
2024-02-20T15:45:24.698 [INFO ] default - 登录fortunetiger服务器回应:1
2024-02-20T15:45:48.303 [INFO ] default - 登录fortunetiger服务器回应:1
2024-02-20T15:45:54.596 [INFO ] default - 当前用户积分:10072189
2024-02-20T15:47:17.712 [INFO ] default - 拉霸_268_fortunetiger服务器启动
2024-02-20T15:47:17.718 [INFO ] default - start at port:15168
2024-02-20T15:47:18.792 [INFO ] default - 登录fortunetiger服务器回应:1
2024-02-20T15:47:38.372 [INFO ] default - 登录fortunetiger服务器回应:1
2024-02-20T15:47:41.084 [INFO ] default - 当前用户积分:10072189
2024-02-20T15:49:12.339 [INFO ] default - 拉霸_268_fortunetiger服务器启动
2024-02-20T15:49:12.344 [INFO ] default - start at port:15168
2024-02-20T15:49:15.424 [INFO ] default - 登录fortunetiger服务器回应:1
2024-02-20T15:49:37.991 [INFO ] default - 登录fortunetiger服务器回应:1
2024-02-20T15:49:51.514 [INFO ] default - 当前用户积分:10072189
2024-02-20T15:49:51.515 [INFO ] default - 添加库存:38当前库存100076
2024-02-20T15:49:51.516 [INFO ] default - 添加奖池:2
2024-02-20T15:49:51.519 [INFO ] default - 图案排列结果
2024-02-20T15:49:51.520 [INFO ] default - [ 4, 4, 5 ]
2024-02-20T15:49:51.521 [INFO ] default - [ 5, 3, 3 ]
2024-02-20T15:49:51.522 [INFO ] default - [ 3, 4, 1 ]
2024-02-20T15:49:51.523 [INFO ] default - 下注:40赢:0jackpot:0expectRTP:80
2024-02-20T15:49:59.366 [INFO ] default - 当前用户积分:10072149
2024-02-20T15:49:59.367 [INFO ] default - 添加库存:38当前库存100114
2024-02-20T15:49:59.368 [INFO ] default - 添加奖池:2
2024-02-20T15:49:59.372 [INFO ] default - 图案排列结果
2024-02-20T15:49:59.373 [INFO ] default - [ 0, 1, 4 ]
2024-02-20T15:49:59.374 [INFO ] default - [ 2, 3, 3 ]
2024-02-20T15:49:59.374 [INFO ] default - [ 5, 4, 0 ]
2024-02-20T15:49:59.375 [INFO ] default - 下注:40赢:0jackpot:0expectRTP:80
2024-02-20T15:59:26.579 [INFO ] default - 拉霸_268_fortunetiger服务器启动
2024-02-20T15:59:26.584 [INFO ] default - start at port:15168
2024-02-20T16:00:18.441 [INFO ] default - 登录fortunetiger服务器回应:1
2024-02-20T16:00:22.374 [INFO ] default - 当前用户积分:10072109
2024-02-20T16:00:22.377 [INFO ] default - 添加库存:38当前库存100152
2024-02-20T16:00:22.378 [INFO ] default - 添加奖池:2
2024-02-20T16:00:22.381 [INFO ] default - 图案排列结果
2024-02-20T16:00:22.381 [INFO ] default - [ 5, 0, 1 ]
2024-02-20T16:00:22.382 [INFO ] default - [ 3, 5, 1 ]
2024-02-20T16:00:22.383 [INFO ] default - [ 0, 2, 3 ]
2024-02-20T16:00:22.384 [INFO ] default - 下注:40赢:0jackpot:0expectRTP:80
2024-02-20T16:01:44.637 [INFO ] default - 拉霸_268_fortunetiger服务器启动
2024-02-20T16:01:44.642 [INFO ] default - start at port:15168
2024-02-20T16:01:44.923 [INFO ] default - 登录fortunetiger服务器回应:1
2024-02-20T16:02:26.014 [INFO ] default - 登录fortunetiger服务器回应:1
2024-02-20T16:02:32.547 [INFO ] default - 当前用户积分:10072109
2024-02-20T16:02:32.549 [INFO ] default - 添加库存:38当前库存100152
2024-02-20T16:02:32.550 [INFO ] default - 添加奖池:2
2024-02-20T16:02:32.553 [INFO ] default - 图案排列结果
2024-02-20T16:02:32.554 [INFO ] default - [ 2, 4, 1 ]
2024-02-20T16:02:32.555 [INFO ] default - [ 1, 2, 1 ]
2024-02-20T16:02:32.555 [INFO ] default - [ 1, 3, 1 ]
2024-02-20T16:02:32.556 [INFO ] default - 下注:40赢:0jackpot:0expectRTP:80
2024-02-20T16:02:39.606 [INFO ] default - 当前用户积分:10072069
2024-02-20T16:02:39.608 [INFO ] default - 添加库存:38当前库存100190
2024-02-20T16:02:39.609 [INFO ] default - 添加奖池:2
2024-02-20T16:02:39.612 [INFO ] default - 图案排列结果
2024-02-20T16:02:39.613 [INFO ] default - [ 3, 3, 2 ]
2024-02-20T16:02:39.613 [INFO ] default - [ 6, 4, 0 ]
2024-02-20T16:02:39.614 [INFO ] default - [ 1, 1, 0 ]
2024-02-20T16:02:39.614 [INFO ] default - 下注:40赢:0jackpot:0expectRTP:80
2024-02-20T16:06:14.885 [INFO ] default - 拉霸_268_fortunetiger服务器启动
2024-02-20T16:06:14.889 [INFO ] default - start at port:15168
2024-02-20T16:06:15.197 [INFO ] default - 登录fortunetiger服务器回应:1
2024-02-20T16:06:41.567 [INFO ] default - 登录fortunetiger服务器回应:1
2024-02-20T16:07:28.976 [INFO ] default - 拉霸_268_fortunetiger服务器启动
2024-02-20T16:07:28.981 [INFO ] default - start at port:15168
2024-02-20T16:07:29.947 [INFO ] default - 登录fortunetiger服务器回应:1
2024-02-20T16:09:14.562 [INFO ] default - 登录fortunetiger服务器回应:1
2024-02-20T16:09:19.848 [INFO ] default - 当前用户积分:10072269
2024-02-20T16:09:19.849 [INFO ] default - 添加库存:38当前库存100152
2024-02-20T16:09:19.850 [INFO ] default - 添加奖池:2
2024-02-20T16:09:19.852 [INFO ] default - 图案排列结果
2024-02-20T16:09:19.852 [INFO ] default - [ 6, 3, 2 ]
2024-02-20T16:09:19.853 [INFO ] default - [ 3, 0, 4 ]
2024-02-20T16:09:19.853 [INFO ] default - [ 3, 4, 3 ]
2024-02-20T16:09:19.854 [INFO ] default - 下注:40赢:0jackpot:0expectRTP:80
2024-02-20T16:13:03.644 [INFO ] default - 登录fortunetiger服务器回应:1
2024-02-20T16:13:08.836 [INFO ] default - 当前用户积分:10072229
2024-02-20T16:13:08.837 [INFO ] default - 添加库存:38当前库存100190
2024-02-20T16:13:08.837 [INFO ] default - 添加奖池:2
2024-02-20T16:13:08.839 [INFO ] default - 图案排列结果
2024-02-20T16:13:08.839 [INFO ] default - [ 5, 4, 0 ]
2024-02-20T16:13:08.840 [INFO ] default - [ 5, 6, 4 ]
2024-02-20T16:13:08.840 [INFO ] default - [ 2, 3, 4 ]
2024-02-20T16:13:08.841 [INFO ] default - 下注:40赢:0jackpot:0expectRTP:80
2024-02-20T16:21:31.314 [INFO ] default - 拉霸_268_fortunetiger服务器启动
2024-02-20T16:21:31.319 [INFO ] default - start at port:15168
2024-02-20T16:21:31.418 [INFO ] default - 登录fortunetiger服务器回应:1
2024-02-20T16:21:54.266 [INFO ] default - 登录fortunetiger服务器回应:1
2024-02-20T16:21:56.993 [INFO ] default - 当前用户积分:10072229
2024-02-20T16:21:56.994 [INFO ] default - 添加库存:38当前库存100228
2024-02-20T16:21:56.994 [INFO ] default - 添加奖池:2
2024-02-20T16:21:56.996 [INFO ] default - 图案排列结果
2024-02-20T16:21:56.997 [INFO ] default - [ 2, 0, 1 ]
2024-02-20T16:21:56.997 [INFO ] default - [ 4, 4, 2 ]
2024-02-20T16:21:56.998 [INFO ] default - [ 5, 5, 0 ]
2024-02-20T16:21:56.998 [INFO ] default - 下注:40赢:0jackpot:0expectRTP:80
2024-02-20T16:25:56.867 [INFO ] default - 拉霸_268_fortunetiger服务器启动
2024-02-20T16:25:56.872 [INFO ] default - start at port:15168
2024-02-20T16:25:57.402 [INFO ] default - 登录fortunetiger服务器回应:1
2024-02-20T16:26:19.480 [INFO ] default - 登录fortunetiger服务器回应:1
2024-02-20T16:26:30.020 [INFO ] default - 当前用户积分:10072229
2024-02-20T16:27:19.692 [INFO ] default - 拉霸_268_fortunetiger服务器启动
2024-02-20T16:27:19.698 [INFO ] default - start at port:15168
2024-02-20T16:27:23.619 [INFO ] default - 登录fortunetiger服务器回应:1
2024-02-20T16:27:42.818 [INFO ] default - 登录fortunetiger服务器回应:1
2024-02-20T16:27:48.137 [INFO ] default - 当前用户积分:10072229
2024-02-20T16:27:48.139 [INFO ] default - 添加库存:38当前库存100228
2024-02-20T16:27:48.139 [INFO ] default - 添加奖池:2
2024-02-20T16:27:48.141 [INFO ] default - 图案排列结果
2024-02-20T16:27:48.142 [INFO ] default - [ 4, 1, 4 ]
2024-02-20T16:27:48.143 [INFO ] default - [ 2, 1, 3 ]
2024-02-20T16:27:48.144 [INFO ] default - [ 3, 1, 3 ]
2024-02-20T16:27:48.145 [INFO ] default - 下注:40赢:0jackpot:0expectRTP:80
2024-02-20T16:29:38.441 [INFO ] default - 当前用户积分:10072189
2024-02-20T16:29:38.441 [INFO ] default - 添加库存:38当前库存100266
2024-02-20T16:29:38.442 [INFO ] default - 添加奖池:2
2024-02-20T16:29:38.442 [INFO ] default - 图案排列结果
2024-02-20T16:29:38.443 [INFO ] default - [ 4, 2, 4 ]
2024-02-20T16:29:38.443 [INFO ] default - [ 0, 4, 2 ]
2024-02-20T16:29:38.443 [INFO ] default - [ 0, 5, 5 ]
2024-02-20T16:29:38.443 [INFO ] default - 下注:40赢:0jackpot:0expectRTP:80
2024-02-20T16:31:12.805 [INFO ] default - 当前用户积分:10072149
2024-02-20T16:31:12.806 [INFO ] default - 添加库存:38当前库存100304
2024-02-20T16:31:12.806 [INFO ] default - 添加奖池:2
2024-02-20T16:31:12.807 [INFO ] default - 减少库存:80库存100304
2024-02-20T16:31:12.807 [INFO ] default - 减少奖池:0
2024-02-20T16:31:12.807 [INFO ] default - 图案排列结果
2024-02-20T16:31:12.808 [INFO ] default - [ 1, 3, 2 ]
2024-02-20T16:31:12.808 [INFO ] default - [ 3, 3, 6 ]
2024-02-20T16:31:12.808 [INFO ] default - [ 0, 0, 2 ]
2024-02-20T16:31:12.809 [INFO ] default - 下注:40赢:80jackpot:0expectRTP:80
2024-02-20T16:32:58.668 [INFO ] default - 当前用户积分:10072189
2024-02-20T16:35:56.322 [INFO ] default - 拉霸_268_fortunetiger服务器启动
2024-02-20T16:35:56.329 [INFO ] default - start at port:15168
2024-02-20T16:36:23.365 [INFO ] default - 登录fortunetiger服务器回应:1
2024-02-20T16:36:27.116 [INFO ] default - 当前用户积分:10072229
2024-02-20T16:36:27.117 [INFO ] default - 添加库存:38当前库存100304
2024-02-20T16:36:27.117 [INFO ] default - 添加奖池:2
2024-02-20T16:36:27.118 [INFO ] default - 图案排列结果
2024-02-20T16:36:27.119 [INFO ] default - [ 4, 1, 1 ]
2024-02-20T16:36:27.119 [INFO ] default - [ 0, 1, 0 ]
2024-02-20T16:36:27.120 [INFO ] default - [ 0, 5, 2 ]
2024-02-20T16:36:27.121 [INFO ] default - 下注:40赢:0jackpot:0expectRTP:80
2024-02-20T16:36:32.158 [INFO ] default - 当前用户积分:10072189
2024-02-20T16:36:32.159 [INFO ] default - 添加库存:38当前库存100342
2024-02-20T16:36:32.159 [INFO ] default - 添加奖池:2
2024-02-20T16:36:32.160 [INFO ] default - 减少库存:24库存100342
2024-02-20T16:36:32.160 [INFO ] default - 减少奖池:0
2024-02-20T16:36:32.161 [INFO ] default - 图案排列结果
2024-02-20T16:36:32.161 [INFO ] default - [ 0, 0, 3 ]
2024-02-20T16:36:32.161 [INFO ] default - [ 2, 0, 2 ]
2024-02-20T16:36:32.162 [INFO ] default - [ 0, 2, 0 ]
2024-02-20T16:36:32.162 [INFO ] default - 下注:40赢:24jackpot:0expectRTP:80
2024-02-20T16:36:37.088 [INFO ] default - 当前用户积分:10072173
2024-02-20T16:36:37.089 [INFO ] default - 添加库存:38当前库存100356
2024-02-20T16:36:37.089 [INFO ] default - 添加奖池:2
2024-02-20T16:36:37.090 [INFO ] default - 图案排列结果
2024-02-20T16:36:37.090 [INFO ] default - [ 3, 3, 5 ]
2024-02-20T16:36:37.090 [INFO ] default - [ 5, 4, 3 ]
2024-02-20T16:36:37.091 [INFO ] default - [ 0, 3, 2 ]
2024-02-20T16:36:37.091 [INFO ] default - 下注:40赢:0jackpot:0expectRTP:80
2024-02-20T16:36:41.007 [INFO ] default - 当前用户积分:10072133
2024-02-20T16:36:41.008 [INFO ] default - 添加库存:38当前库存100394
2024-02-20T16:36:41.008 [INFO ] default - 添加奖池:2
2024-02-20T16:36:41.009 [INFO ] default - 减少库存:64库存100394
2024-02-20T16:36:41.009 [INFO ] default - 减少奖池:0
2024-02-20T16:36:41.010 [INFO ] default - 图案排列结果
2024-02-20T16:36:41.010 [INFO ] default - [ 3, 3, 2 ]
2024-02-20T16:36:41.011 [INFO ] default - [ 2, 6, 2 ]
2024-02-20T16:36:41.011 [INFO ] default - [ 0, 1, 0 ]
2024-02-20T16:36:41.011 [INFO ] default - 下注:40赢:64jackpot:0expectRTP:80
2024-02-20T16:37:37.275 [INFO ] default - 拉霸_268_fortunetiger服务器启动
2024-02-20T16:37:37.281 [INFO ] default - start at port:15168
2024-02-20T16:37:38.213 [INFO ] default - 登录fortunetiger服务器回应:1
2024-02-20T16:38:00.511 [INFO ] default - 登录fortunetiger服务器回应:1
2024-02-20T16:38:04.643 [INFO ] default - 当前用户积分:10072229
2024-02-20T16:38:04.644 [INFO ] default - 添加库存:38当前库存100304
2024-02-20T16:38:04.645 [INFO ] default - 添加奖池:2
2024-02-20T16:38:07.851 [INFO ] default - 图案排列结果
2024-02-20T16:38:07.851 [INFO ] default - [ 2, 3, 3 ]
2024-02-20T16:38:07.852 [INFO ] default - [ 0, 1, 2 ]
2024-02-20T16:38:07.853 [INFO ] default - [ 4, 1, 0 ]
2024-02-20T16:38:07.853 [INFO ] default - 下注:40赢:0jackpot:0expectRTP:80
2024-02-20T16:41:23.850 [INFO ] default - 拉霸_268_fortunetiger服务器启动
2024-02-20T16:41:23.855 [INFO ] default - start at port:15168
2024-02-20T16:41:49.182 [INFO ] default - 登录fortunetiger服务器回应:1
2024-02-20T16:41:53.330 [INFO ] default - 当前用户积分:10072189
2024-02-20T16:41:53.331 [INFO ] default - 添加库存:38当前库存100342
2024-02-20T16:41:53.332 [INFO ] default - 添加奖池:2
2024-02-20T16:41:53.334 [INFO ] default - 图案排列结果
2024-02-20T16:41:53.334 [INFO ] default - [ 3, 1, 0 ]
2024-02-20T16:41:53.335 [INFO ] default - [ 4, 3, 3 ]
2024-02-20T16:41:53.336 [INFO ] default - [ 2, 1, 1 ]
2024-02-20T16:41:53.336 [INFO ] default - 下注:40赢:0jackpot:0expectRTP:80
2024-02-20T16:42:26.385 [INFO ] default - 登录fortunetiger服务器回应:1
2024-02-20T16:42:35.750 [INFO ] default - 当前用户积分:10072149
2024-02-20T16:44:30.859 [INFO ] default - 拉霸_268_fortunetiger服务器启动
2024-02-20T16:44:30.866 [INFO ] default - start at port:15168
2024-02-20T16:44:35.514 [INFO ] default - 登录fortunetiger服务器回应:1
2024-02-20T16:45:19.535 [INFO ] default - 拉霸_268_fortunetiger服务器启动
2024-02-20T16:45:19.540 [INFO ] default - start at port:15168
2024-02-20T16:45:20.180 [INFO ] default - 登录fortunetiger服务器回应:1
2024-02-20T16:45:45.573 [INFO ] default - 登录fortunetiger服务器回应:1
2024-02-20T16:45:49.172 [INFO ] default - 当前用户积分:10072149
2024-02-20T16:45:49.173 [INFO ] default - 添加库存:38当前库存100342
2024-02-20T16:45:49.173 [INFO ] default - 添加奖池:2
2024-02-20T16:45:49.174 [INFO ] default - 减少库存:40库存100342
2024-02-20T16:45:49.174 [INFO ] default - 减少奖池:0
2024-02-20T16:45:53.138 [INFO ] default - 图案排列结果
2024-02-20T16:45:53.139 [INFO ] default - [ 1, 3, 5 ]
2024-02-20T16:45:53.139 [INFO ] default - [ 5, 1, 4 ]
2024-02-20T16:45:53.140 [INFO ] default - [ 5, 0, 1 ]
2024-02-20T16:45:53.140 [INFO ] default - 下注:40赢:40jackpot:0expectRTP:80
2024-02-20T16:45:56.767 [INFO ] default - 当前用户积分:10072149
2024-02-20T16:45:56.767 [INFO ] default - 添加库存:38当前库存100340
2024-02-20T16:45:56.768 [INFO ] default - 添加奖池:2
2024-02-20T16:45:56.769 [INFO ] default - 图案排列结果
2024-02-20T16:45:56.769 [INFO ] default - [ 2, 0, 1 ]
2024-02-20T16:45:56.770 [INFO ] default - [ 5, 6, 3 ]
2024-02-20T16:45:56.770 [INFO ] default - [ 2, 3, 1 ]
2024-02-20T16:45:56.770 [INFO ] default - 下注:40赢:0jackpot:0expectRTP:80
2024-02-20T16:46:01.062 [INFO ] default - 当前用户积分:10072109
2024-02-20T16:46:01.062 [INFO ] default - 添加库存:38当前库存100378
2024-02-20T16:46:01.063 [INFO ] default - 添加奖池:2
2024-02-20T16:46:01.064 [INFO ] default - 图案排列结果
2024-02-20T16:46:01.064 [INFO ] default - [ 1, 2, 2 ]
2024-02-20T16:46:01.065 [INFO ] default - [ 0, 4, 3 ]
2024-02-20T16:46:01.065 [INFO ] default - [ 3, 3, 0 ]
2024-02-20T16:46:01.065 [INFO ] default - 下注:40赢:0jackpot:0expectRTP:80
2024-02-20T16:48:05.591 [INFO ] default - 拉霸_268_fortunetiger服务器启动
2024-02-20T16:48:05.596 [INFO ] default - start at port:15168
2024-02-20T16:48:05.996 [INFO ] default - 登录fortunetiger服务器回应:1
2024-02-20T16:48:10.235 [INFO ] default - 当前用户积分:10072149
2024-02-20T16:48:10.236 [INFO ] default - 添加库存:38当前库存100342
2024-02-20T16:48:10.236 [INFO ] default - 添加奖池:2
2024-02-20T16:48:10.238 [INFO ] default - 图案排列结果
2024-02-20T16:48:10.238 [INFO ] default - [ 3, 5, 0 ]
2024-02-20T16:48:10.239 [INFO ] default - [ 4, 0, 0 ]
2024-02-20T16:48:10.240 [INFO ] default - [ 1, 5, 0 ]
2024-02-20T16:48:10.241 [INFO ] default - 下注:40赢:0jackpot:0expectRTP:80
2024-02-20T16:50:25.953 [INFO ] default - 拉霸_268_fortunetiger服务器启动
2024-02-20T16:50:25.961 [INFO ] default - start at port:15168
2024-02-20T16:50:26.367 [INFO ] default - 登录fortunetiger服务器回应:1
2024-02-20T16:50:53.738 [INFO ] default - 登录fortunetiger服务器回应:1
2024-02-20T16:51:31.805 [INFO ] default - 当前用户积分:10072149
2024-02-20T16:51:31.806 [INFO ] default - 添加库存:38当前库存100380
2024-02-20T16:51:31.806 [INFO ] default - 添加奖池:2
2024-02-20T16:51:31.808 [INFO ] default - 图案排列结果
2024-02-20T16:51:31.809 [INFO ] default - [ 1, 2, 1 ]
2024-02-20T16:51:31.810 [INFO ] default - [ 1, 5, 2 ]
2024-02-20T16:51:31.810 [INFO ] default - [ 1, 2, 2 ]
2024-02-20T16:51:31.811 [INFO ] default - 下注:40赢:0jackpot:0expectRTP:80
2024-02-20T16:51:38.422 [INFO ] default - 当前用户积分:10072109
2024-02-20T16:51:38.422 [INFO ] default - 添加库存:38当前库存100418
2024-02-20T16:51:38.423 [INFO ] default - 添加奖池:2
2024-02-20T16:51:38.424 [INFO ] default - 图案排列结果
2024-02-20T16:51:38.424 [INFO ] default - [ 0, 4, 0 ]
2024-02-20T16:51:38.424 [INFO ] default - [ 0, 1, 0 ]
2024-02-20T16:51:38.425 [INFO ] default - [ 3, 6, 2 ]
2024-02-20T16:51:38.426 [INFO ] default - 下注:40赢:0jackpot:0expectRTP:80
2024-02-20T16:51:42.646 [INFO ] default - 当前用户积分:10072069
2024-02-20T16:51:42.646 [INFO ] default - 添加库存:38当前库存100456
2024-02-20T16:51:42.647 [INFO ] default - 添加奖池:2
2024-02-20T16:51:42.648 [INFO ] default - 减少库存:24库存100456
2024-02-20T16:51:42.648 [INFO ] default - 减少奖池:0
2024-02-20T16:51:42.649 [INFO ] default - 图案排列结果
2024-02-20T16:51:42.649 [INFO ] default - [ 0, 0, 0 ]
2024-02-20T16:51:42.649 [INFO ] default - [ 2, 0, 0 ]
2024-02-20T16:51:42.650 [INFO ] default - [ 1, 1, 3 ]
2024-02-20T16:51:42.650 [INFO ] default - 下注:40赢:24jackpot:0expectRTP:80
2024-02-20T16:51:51.113 [INFO ] default - 当前用户积分:10072053
2024-02-20T16:51:51.113 [INFO ] default - 添加库存:38当前库存100470
2024-02-20T16:51:51.114 [INFO ] default - 添加奖池:2
2024-02-20T16:51:51.115 [INFO ] default - 图案排列结果
2024-02-20T16:51:51.115 [INFO ] default - [ 2, 4, 3 ]
2024-02-20T16:51:51.115 [INFO ] default - [ 2, 4, 2 ]
2024-02-20T16:51:51.116 [INFO ] default - [ 5, 3, 4 ]
2024-02-20T16:51:51.116 [INFO ] default - 下注:40赢:0jackpot:0expectRTP:80
2024-02-20T17:09:25.559 [INFO ] default - 登录fortunetiger服务器回应:1
2024-02-20T17:25:46.641 [INFO ] default - 拉霸_268_fortunetiger服务器启动
2024-02-20T17:25:46.646 [INFO ] default - start at port:15168
2024-02-20T17:27:04.778 [INFO ] default - 登录fortunetiger服务器回应:1
2024-02-20T17:27:08.443 [INFO ] default - 当前用户积分:10071923
2024-02-20T17:27:08.444 [INFO ] default - 添加库存:38当前库存100508
2024-02-20T17:27:08.444 [INFO ] default - 添加奖池:2
2024-02-20T17:27:08.445 [INFO ] default - 减少库存:24库存100508
2024-02-20T17:27:08.446 [INFO ] default - 减少奖池:0
2024-02-20T17:27:08.447 [INFO ] default - 图案排列结果
2024-02-20T17:27:08.448 [INFO ] default - [ 4, 4, 1 ]
2024-02-20T17:27:08.449 [INFO ] default - [ 0, 5, 1 ]
2024-02-20T17:27:08.450 [INFO ] default - [ 6, 0, 0 ]
2024-02-20T17:27:08.450 [INFO ] default - 下注:40赢:24jackpot:0expectRTP:80
2024-02-20T17:27:21.772 [INFO ] default - 拉霸_268_fortunetiger服务器启动
2024-02-20T17:27:21.778 [INFO ] default - start at port:15168
2024-02-20T17:27:22.016 [INFO ] default - 登录fortunetiger服务器回应:1
2024-02-20T17:27:24.471 [INFO ] default - 当前用户积分:10071923
2024-02-20T17:28:05.065 [INFO ] default - 拉霸_268_fortunetiger服务器启动
2024-02-20T17:28:05.070 [INFO ] default - start at port:15168
2024-02-20T17:28:05.143 [INFO ] default - 登录fortunetiger服务器回应:1
2024-02-20T17:28:30.860 [INFO ] default - 登录fortunetiger服务器回应:1
2024-02-20T17:28:34.410 [INFO ] default - 当前用户积分:10071923
2024-02-20T17:28:34.412 [INFO ] default - 添加库存:38当前库存100508
2024-02-20T17:28:34.413 [INFO ] default - 添加奖池:2
2024-02-20T17:28:34.413 [INFO ] default - 配牌器开关:1牌:7,7,7,0,0,1,8,8,8
2024-02-20T17:28:34.416 [INFO ] default - 图案排列结果
2024-02-20T17:28:34.416 [INFO ] default - [ 7, 7, 7 ]
2024-02-20T17:28:34.417 [INFO ] default - [ 0, 0, 1 ]
2024-02-20T17:28:34.418 [INFO ] default - [ 8, 8, 8 ]
2024-02-20T17:28:34.418 [INFO ] default - 下注:40赢:0jackpot:0expectRTP:80
2024-02-20T17:30:57.275 [INFO ] default - 拉霸_268_fortunetiger服务器启动
2024-02-20T17:30:57.280 [INFO ] default - start at port:15168
2024-02-20T17:30:58.159 [INFO ] default - 登录fortunetiger服务器回应:1
2024-02-20T17:32:50.066 [INFO ] default - 拉霸_268_fortunetiger服务器启动
2024-02-20T17:32:50.070 [INFO ] default - start at port:15168
2024-02-20T17:33:09.751 [INFO ] default - 登录fortunetiger服务器回应:1
2024-02-21T12:13:47.659 [INFO ] default - 拉霸_268_fortunetiger服务器启动
2024-02-21T12:13:47.664 [INFO ] default - start at port:15168
