2024-04-22T11:48:51.036 [INFO ] default - 10042用户登录游戏服务，游戏请求大厅服务,当前游戏人数:1游戏socket[object Object]
2024-04-22T11:48:51.041 [INFO ] default - ganeshagold登录大厅回应{"ResultCode":1,"userInfo":{"userId":"10042","account":"abc2024042014533804","nickname":"USER4404305","score":"795488021.00","diamond":"0","sign":"d41d8cd98f00b204e9800998ecf8427e","freeCount":"0"}}
2024-04-22T11:48:51.048 [INFO ] default - 10042给用户回应登录结果{"resultid":"1","msg":"login lineserver succeed!","Obj":{"account":"abc2024042014533804","id":"10042","nickname":"USER4404305","score":"795488021.00","jackpot":{"gameJackpot":440547847,"grand_jackpot":286356100.55,"major_jackpot":88109569.4,"minor_jackpot":44054784.7,"mini_jackpot":22027392.35}}}
2024-04-22T11:48:51.071 [INFO ] default - 10042从数据库里获得免费次数0
2024-04-22T11:48:55.238 [INFO ] default - 10042携带金币:795488021.00下注:50是否新手:0携带银行金币:0.00VIP等级:0
2024-04-22T11:48:55.239 [INFO ] default - 10042跳过新手保护,总充值:0新手路线长度:0预期的RTP:80
2024-04-22T11:48:55.250 [INFO ] default - 10042减少金币:50类型:10当前金币:795487971
2024-04-22T11:48:55.251 [INFO ] default - 10042水位:0添加库存:50添加奖池:0
2024-04-22T11:48:55.252 [INFO ] default - 配牌器winJackpot:44054784
2024-04-22T11:51:41.493 [INFO ] default - 10042用户登录游戏服务，游戏请求大厅服务,当前游戏人数:1游戏socket[object Object]
2024-04-22T11:51:41.498 [INFO ] default - ganeshagold登录大厅回应{"ResultCode":1,"userInfo":{"userId":"10042","account":"abc2024042014533804","nickname":"USER4404305","score":"795487971","diamond":"0","sign":"d41d8cd98f00b204e9800998ecf8427e","freeCount":"0"}}
2024-04-22T11:51:41.510 [INFO ] default - 10042给用户回应登录结果{"resultid":"1","msg":"login lineserver succeed!","Obj":{"account":"abc2024042014533804","id":"10042","nickname":"USER4404305","score":"795487971","jackpot":{"gameJackpot":440547847,"grand_jackpot":286356100.55,"major_jackpot":88109569.4,"minor_jackpot":44054784.7,"mini_jackpot":22027392.35}}}
2024-04-22T12:53:12.464 [INFO ] default - 10042用户登录游戏服务，游戏请求大厅服务,当前游戏人数:1游戏socket[object Object]
2024-04-22T12:53:12.469 [INFO ] default - ganeshagold登录大厅回应{"ResultCode":1,"userInfo":{"userId":"10042","account":"abc2024042014533804","nickname":"USER4404305","score":"795487971","diamond":"0","sign":"d41d8cd98f00b204e9800998ecf8427e","freeCount":"0"}}
2024-04-22T12:53:12.473 [INFO ] default - 10042给用户回应登录结果{"resultid":"1","msg":"login lineserver succeed!","Obj":{"account":"abc2024042014533804","id":"10042","nickname":"USER4404305","score":"795487971","jackpot":{"gameJackpot":440547847,"grand_jackpot":286356100.55,"major_jackpot":88109569.4,"minor_jackpot":44054784.7,"mini_jackpot":22027392.35}}}
2024-04-22T12:53:12.481 [INFO ] default - 10042从数据库里获得免费次数0
2024-04-22T12:53:13.921 [WARN ] default - 未更新用户数据离开
2024-04-22T12:53:18.637 [INFO ] default - 用户已经在服务器了，覆盖登录,原socket:/#mEMKJGr3wz7CkFK3AAAA现socket：/#f9PhC6Kb7O7RoymeAAAB
2024-04-22T12:53:18.638 [INFO ] default - 10042用户登录游戏服务，游戏请求大厅服务,当前游戏人数:1游戏socket[object Object]
2024-04-22T12:53:18.641 [INFO ] default - ganeshagold登录大厅回应{"ResultCode":1,"userInfo":{"userId":"10042","account":"abc2024042014533804","nickname":"USER4404305","score":"795487971.00","diamond":"0","sign":"d41d8cd98f00b204e9800998ecf8427e","freeCount":"0"}}
2024-04-22T12:53:18.643 [INFO ] default - 10042给用户回应登录结果{"resultid":"1","msg":"login lineserver succeed!","Obj":{"account":"abc2024042014533804","id":"10042","nickname":"USER4404305","score":"795487971.00","jackpot":{"gameJackpot":440547847,"grand_jackpot":286356100.55,"major_jackpot":88109569.4,"minor_jackpot":44054784.7,"mini_jackpot":22027392.35}}}
2024-04-22T12:53:18.648 [INFO ] default - 10042从数据库里获得免费次数0
2024-04-22T12:53:21.970 [INFO ] default - 10042携带金币:795487971.00下注:50是否新手:0携带银行金币:0.00VIP等级:0
2024-04-22T12:53:21.971 [INFO ] default - 10042跳过新手保护,总充值:0新手路线长度:0预期的RTP:80
2024-04-22T12:53:21.986 [INFO ] default - 10042减少金币:50类型:10当前金币:795487921
2024-04-22T12:53:21.988 [INFO ] default - 10042水位:0添加库存:50添加奖池:0
2024-04-22T12:53:21.989 [INFO ] default - 配牌器winJackpot:44054784
2024-04-22T12:53:21.990 [INFO ] default - 10042是否击中免费:false是否击中bonus玩法:false是否击中jackpot:44054784
2024-04-22T12:53:21.991 [INFO ] default - 10042当前游戏所有倍数[]
2024-04-22T12:53:21.992 [INFO ] default - 10042库存不足,当前库存:-13159115判定本局为输
2024-04-22T12:53:25.015 [INFO ] default - 保存库存和奖池
2024-04-22T12:54:25.001 [INFO ] default - 保存库存和奖池
2024-04-22T12:54:36.157 [WARN ] default - 未更新用户数据离开
2024-04-22T12:54:51.036 [INFO ] default - 用户已经在服务器了，覆盖登录,原socket:/#f9PhC6Kb7O7RoymeAAAB现socket：/#H0jJBUKfIYBNrJZnAAAC
2024-04-22T12:54:51.037 [INFO ] default - 10042用户登录游戏服务，游戏请求大厅服务,当前游戏人数:1游戏socket[object Object]
2024-04-22T12:54:51.042 [INFO ] default - ganeshagold登录大厅回应{"ResultCode":1,"userInfo":{"userId":"10042","account":"abc2024042014533804","nickname":"USER4404305","score":"795487921.00","diamond":"0","sign":"d41d8cd98f00b204e9800998ecf8427e","freeCount":"0"}}
2024-04-22T12:54:51.044 [INFO ] default - 10042给用户回应登录结果{"resultid":"1","msg":"login lineserver succeed!","Obj":{"account":"abc2024042014533804","id":"10042","nickname":"USER4404305","score":"795487921.00","jackpot":{"gameJackpot":440547847,"grand_jackpot":286356100.55,"major_jackpot":88109569.4,"minor_jackpot":44054784.7,"mini_jackpot":22027392.35}}}
2024-04-22T12:54:51.048 [INFO ] default - 10042从数据库里获得免费次数0
2024-04-22T12:55:25.008 [INFO ] default - 保存库存和奖池
2024-04-22T12:55:40.939 [WARN ] default - 未更新用户数据离开
2024-04-22T12:56:25.001 [INFO ] default - 保存库存和奖池
2024-04-22T12:57:25.030 [INFO ] default - 保存库存和奖池
2024-04-22T12:58:25.027 [INFO ] default - 保存库存和奖池
2024-04-22T12:59:25.025 [INFO ] default - 保存库存和奖池
2024-04-22T13:00:25.025 [INFO ] default - 保存库存和奖池
2024-04-22T13:01:25.017 [INFO ] default - 保存库存和奖池
2024-04-22T13:02:25.026 [INFO ] default - 保存库存和奖池
2024-04-22T13:03:25.029 [INFO ] default - 保存库存和奖池
2024-04-22T13:04:25.028 [INFO ] default - 保存库存和奖池
2024-04-22T13:05:25.017 [INFO ] default - 保存库存和奖池
2024-04-22T13:06:25.007 [INFO ] default - 保存库存和奖池
2024-04-22T13:07:25.013 [INFO ] default - 保存库存和奖池
2024-04-22T13:08:25.022 [INFO ] default - 保存库存和奖池
2024-04-22T13:09:25.031 [INFO ] default - 保存库存和奖池
2024-04-22T13:10:25.020 [INFO ] default - 保存库存和奖池
2024-04-22T13:11:25.030 [INFO ] default - 保存库存和奖池
2024-04-22T13:12:25.023 [INFO ] default - 保存库存和奖池
2024-04-22T13:13:25.026 [INFO ] default - 保存库存和奖池
2024-04-22T13:14:25.030 [INFO ] default - 保存库存和奖池
2024-04-22T13:15:25.007 [INFO ] default - 保存库存和奖池
2024-04-22T13:16:25.019 [INFO ] default - 保存库存和奖池
2024-04-22T13:17:25.031 [INFO ] default - 保存库存和奖池
2024-04-22T13:18:25.025 [INFO ] default - 保存库存和奖池
2024-04-22T13:19:25.025 [INFO ] default - 保存库存和奖池
2024-04-22T13:20:25.019 [INFO ] default - 保存库存和奖池
2024-04-22T13:21:25.021 [INFO ] default - 保存库存和奖池
2024-04-22T13:22:25.023 [INFO ] default - 保存库存和奖池
2024-04-22T13:23:25.018 [INFO ] default - 保存库存和奖池
2024-04-22T13:24:25.016 [INFO ] default - 保存库存和奖池
2024-04-22T13:25:25.021 [INFO ] default - 保存库存和奖池
2024-04-22T13:26:25.018 [INFO ] default - 保存库存和奖池
2024-04-22T13:27:25.029 [INFO ] default - 保存库存和奖池
2024-04-22T13:28:25.007 [INFO ] default - 保存库存和奖池
2024-04-22T13:29:25.016 [INFO ] default - 保存库存和奖池
2024-04-22T13:30:25.012 [INFO ] default - 保存库存和奖池
2024-04-22T13:31:25.031 [INFO ] default - 保存库存和奖池
2024-04-22T13:32:25.009 [INFO ] default - 保存库存和奖池
2024-04-22T13:33:25.029 [INFO ] default - 保存库存和奖池
2024-04-22T13:34:25.024 [INFO ] default - 保存库存和奖池
2024-04-22T13:35:25.017 [INFO ] default - 保存库存和奖池
2024-04-22T13:36:25.028 [INFO ] default - 保存库存和奖池
2024-04-22T13:37:25.022 [INFO ] default - 保存库存和奖池
2024-04-22T13:38:25.019 [INFO ] default - 保存库存和奖池
2024-04-22T13:39:25.019 [INFO ] default - 保存库存和奖池
2024-04-22T13:40:25.027 [INFO ] default - 保存库存和奖池
2024-04-22T13:41:25.011 [INFO ] default - 保存库存和奖池
2024-04-22T13:42:25.007 [INFO ] default - 保存库存和奖池
2024-04-22T13:43:25.013 [INFO ] default - 保存库存和奖池
2024-04-22T13:44:25.018 [INFO ] default - 保存库存和奖池
2024-04-22T13:45:25.003 [INFO ] default - 保存库存和奖池
2024-04-22T13:46:25.030 [INFO ] default - 保存库存和奖池
2024-04-22T13:47:25.023 [INFO ] default - 保存库存和奖池
2024-04-22T13:48:25.026 [INFO ] default - 保存库存和奖池
2024-04-22T13:49:25.029 [INFO ] default - 保存库存和奖池
2024-04-22T13:50:25.025 [INFO ] default - 保存库存和奖池
2024-04-22T13:51:25.017 [INFO ] default - 保存库存和奖池
2024-04-22T13:52:25.024 [INFO ] default - 保存库存和奖池
2024-04-22T13:53:25.026 [INFO ] default - 保存库存和奖池
2024-04-22T13:54:25.030 [INFO ] default - 保存库存和奖池
2024-04-22T13:55:25.019 [INFO ] default - 保存库存和奖池
2024-04-22T13:56:25.028 [INFO ] default - 保存库存和奖池
2024-04-22T13:57:25.022 [INFO ] default - 保存库存和奖池
2024-04-22T13:58:25.008 [INFO ] default - 保存库存和奖池
2024-04-22T13:59:25.017 [INFO ] default - 保存库存和奖池
2024-04-22T14:00:25.028 [INFO ] default - 保存库存和奖池
2024-04-22T14:01:25.019 [INFO ] default - 保存库存和奖池
2024-04-22T14:02:25.025 [INFO ] default - 保存库存和奖池
2024-04-22T14:03:25.019 [INFO ] default - 保存库存和奖池
2024-04-22T14:04:25.026 [INFO ] default - 保存库存和奖池
2024-04-22T14:05:25.001 [INFO ] default - 保存库存和奖池
2024-04-22T14:06:25.009 [INFO ] default - 保存库存和奖池
2024-04-22T14:07:25.025 [INFO ] default - 保存库存和奖池
2024-04-22T14:08:25.031 [INFO ] default - 保存库存和奖池
2024-04-22T14:09:25.017 [INFO ] default - 保存库存和奖池
2024-04-22T14:10:25.026 [INFO ] default - 保存库存和奖池
2024-04-22T14:11:25.028 [INFO ] default - 保存库存和奖池
2024-04-22T14:12:25.024 [INFO ] default - 保存库存和奖池
2024-04-22T14:13:25.028 [INFO ] default - 保存库存和奖池
2024-04-22T14:14:25.024 [INFO ] default - 保存库存和奖池
2024-04-22T14:15:25.007 [INFO ] default - 保存库存和奖池
2024-04-22T14:16:25.012 [INFO ] default - 保存库存和奖池
2024-04-22T14:17:25.029 [INFO ] default - 保存库存和奖池
2024-04-22T14:18:25.018 [INFO ] default - 保存库存和奖池
2024-04-22T14:19:25.028 [INFO ] default - 保存库存和奖池
2024-04-22T14:20:25.026 [INFO ] default - 保存库存和奖池
2024-04-22T14:21:25.028 [INFO ] default - 保存库存和奖池
2024-04-22T14:22:25.027 [INFO ] default - 保存库存和奖池
2024-04-22T14:23:25.027 [INFO ] default - 保存库存和奖池
2024-04-22T14:24:25.023 [INFO ] default - 保存库存和奖池
2024-04-22T14:25:25.030 [INFO ] default - 保存库存和奖池
2024-04-22T14:26:25.005 [INFO ] default - 保存库存和奖池
2024-04-22T14:27:25.030 [INFO ] default - 保存库存和奖池
2024-04-22T14:28:25.018 [INFO ] default - 保存库存和奖池
2024-04-22T14:29:25.020 [INFO ] default - 保存库存和奖池
2024-04-22T14:30:25.025 [INFO ] default - 保存库存和奖池
2024-04-22T14:31:25.030 [INFO ] default - 保存库存和奖池
2024-04-22T14:32:25.029 [INFO ] default - 保存库存和奖池
2024-04-22T14:33:25.016 [INFO ] default - 保存库存和奖池
2024-04-22T14:34:25.015 [INFO ] default - 保存库存和奖池
2024-04-22T14:35:25.026 [INFO ] default - 保存库存和奖池
2024-04-22T14:36:25.018 [INFO ] default - 保存库存和奖池
2024-04-22T14:37:25.025 [INFO ] default - 保存库存和奖池
2024-04-22T14:38:25.025 [INFO ] default - 保存库存和奖池
2024-04-22T14:39:25.024 [INFO ] default - 保存库存和奖池
2024-04-22T14:40:25.013 [INFO ] default - 保存库存和奖池
2024-04-22T14:41:25.022 [INFO ] default - 保存库存和奖池
2024-04-22T14:42:25.015 [INFO ] default - 保存库存和奖池
2024-04-22T14:43:25.013 [INFO ] default - 保存库存和奖池
2024-04-22T14:44:25.030 [INFO ] default - 保存库存和奖池
2024-04-22T14:45:25.008 [INFO ] default - 保存库存和奖池
2024-04-22T14:46:25.020 [INFO ] default - 保存库存和奖池
2024-04-22T14:47:25.022 [INFO ] default - 保存库存和奖池
2024-04-22T14:48:25.025 [INFO ] default - 保存库存和奖池
2024-04-22T14:49:25.022 [INFO ] default - 保存库存和奖池
2024-04-22T14:50:25.023 [INFO ] default - 保存库存和奖池
2024-04-22T14:51:25.002 [INFO ] default - 保存库存和奖池
2024-04-22T14:52:25.022 [INFO ] default - 保存库存和奖池
2024-04-22T14:53:25.013 [INFO ] default - 保存库存和奖池
2024-04-22T14:54:25.026 [INFO ] default - 保存库存和奖池
2024-04-22T14:55:25.030 [INFO ] default - 保存库存和奖池
2024-04-22T14:56:25.017 [INFO ] default - 保存库存和奖池
2024-04-22T14:57:25.008 [INFO ] default - 保存库存和奖池
2024-04-22T14:58:25.025 [INFO ] default - 保存库存和奖池
2024-04-22T14:59:25.025 [INFO ] default - 保存库存和奖池
2024-04-22T15:00:25.020 [INFO ] default - 保存库存和奖池
2024-04-22T15:01:25.020 [INFO ] default - 保存库存和奖池
2024-04-22T15:02:25.016 [INFO ] default - 保存库存和奖池
2024-04-22T15:03:25.030 [INFO ] default - 保存库存和奖池
2024-04-22T15:04:25.019 [INFO ] default - 保存库存和奖池
2024-04-22T15:05:25.019 [INFO ] default - 保存库存和奖池
2024-04-22T15:06:25.018 [INFO ] default - 保存库存和奖池
2024-04-22T15:07:25.031 [INFO ] default - 保存库存和奖池
2024-04-22T15:08:25.015 [INFO ] default - 保存库存和奖池
2024-04-22T15:09:25.027 [INFO ] default - 保存库存和奖池
2024-04-22T15:10:25.018 [INFO ] default - 保存库存和奖池
2024-04-22T15:11:25.021 [INFO ] default - 保存库存和奖池
2024-04-22T15:12:25.008 [INFO ] default - 保存库存和奖池
2024-04-22T15:13:25.015 [INFO ] default - 保存库存和奖池
2024-04-22T15:14:25.007 [INFO ] default - 保存库存和奖池
2024-04-22T15:15:25.026 [INFO ] default - 保存库存和奖池
2024-04-22T15:16:25.007 [INFO ] default - 保存库存和奖池
2024-04-22T15:17:25.032 [INFO ] default - 保存库存和奖池
2024-04-22T15:18:25.016 [INFO ] default - 保存库存和奖池
2024-04-22T15:19:25.030 [INFO ] default - 保存库存和奖池
2024-04-22T15:20:25.022 [INFO ] default - 保存库存和奖池
2024-04-22T15:21:25.021 [INFO ] default - 保存库存和奖池
2024-04-22T15:22:25.024 [INFO ] default - 保存库存和奖池
2024-04-22T15:23:25.029 [INFO ] default - 保存库存和奖池
2024-04-22T15:24:25.025 [INFO ] default - 保存库存和奖池
2024-04-22T15:25:25.023 [INFO ] default - 保存库存和奖池
