2024-02-06T15:17:47.144 [INFO ] default - 添加库存:NaN当前库存NaN
2024-02-06T15:17:47.147 [INFO ] default - 添加奖池:NaN
2024-02-06T15:24:27.879 [INFO ] default - 添加库存:NaN当前库存NaN
2024-02-06T15:29:55.365 [INFO ] default - 添加库存:19当前库存19
2024-02-06T15:32:31.403 [INFO ] default - 添加库存:9.5当前库存9
2024-02-06T15:32:31.405 [INFO ] default - 添加奖池:0.5
2024-02-06T15:32:41.262 [INFO ] default - 添加库存:9.5当前库存18
2024-02-06T15:32:41.262 [INFO ] default - 添加奖池:0.5
2024-02-06T15:32:41.263 [INFO ] default - 减少库存:6库存18
2024-02-06T15:32:41.263 [INFO ] default - 减少奖池:0
2024-02-06T15:32:53.125 [INFO ] default - 添加库存:9.5当前库存21
2024-02-06T15:32:53.126 [INFO ] default - 添加奖池:0.5
2024-02-06T15:32:53.126 [INFO ] default - 减少库存:6库存21
2024-02-06T15:32:53.127 [INFO ] default - 减少奖池:0
2024-02-06T15:33:05.311 [INFO ] default - 添加库存:9.5当前库存24
2024-02-06T15:33:05.312 [INFO ] default - 添加奖池:0.5
2024-02-06T15:33:05.313 [INFO ] default - 减少库存:2库存24
2024-02-06T15:33:05.313 [INFO ] default - 减少奖池:0
2024-02-06T15:33:17.508 [INFO ] default - 添加库存:9.5当前库存31
2024-02-06T15:33:17.509 [INFO ] default - 添加奖池:0.5
2024-02-06T15:33:17.509 [INFO ] default - 减少库存:6库存31
2024-02-06T15:33:17.510 [INFO ] default - 减少奖池:0
2024-02-06T15:33:29.378 [INFO ] default - 添加库存:9.5当前库存34
2024-02-06T15:33:29.379 [INFO ] default - 添加奖池:0.5
2024-02-06T15:33:29.380 [INFO ] default - 减少库存:8库存34
2024-02-06T15:33:29.380 [INFO ] default - 减少奖池:0
2024-02-06T15:34:44.011 [INFO ] default - 添加库存:9.5当前库存35
2024-02-06T15:34:44.012 [INFO ] default - 添加奖池:0.5
2024-02-06T15:34:44.012 [INFO ] default - 减少库存:2库存35
2024-02-06T15:34:44.013 [INFO ] default - 减少奖池:0
2024-02-17T16:02:39.840 [INFO ] default - 添加库存:9.5当前库存100009
2024-02-17T16:02:39.845 [INFO ] default - 添加奖池:0.5
2024-02-17T16:02:39.846 [INFO ] default - 减少库存:2库存100009
2024-02-17T16:02:39.846 [INFO ] default - 减少奖池:0
2024-02-17T16:19:36.594 [INFO ] default - 添加库存:9.5当前库存100016
2024-02-17T16:19:36.594 [INFO ] default - 添加奖池:0.5
2024-02-17T16:19:46.449 [INFO ] default - 添加库存:9.5当前库存100025
2024-02-17T16:19:46.450 [INFO ] default - 添加奖池:0.5
2024-02-17T16:19:46.450 [INFO ] default - 减少库存:80库存100025
2024-02-17T16:19:46.451 [INFO ] default - 减少奖池:0
2024-02-17T16:19:57.979 [INFO ] default - 添加库存:9.5当前库存99954
2024-02-17T16:19:57.980 [INFO ] default - 添加奖池:0.5
2024-02-17T16:19:57.981 [INFO ] default - 减少库存:150库存99954
2024-02-17T16:19:57.981 [INFO ] default - 减少奖池:0
2024-02-17T16:20:09.828 [INFO ] default - 添加库存:9.5当前库存99813
2024-02-17T16:20:09.829 [INFO ] default - 添加奖池:0.5
2024-02-17T16:20:09.830 [INFO ] default - 减少库存:12库存99813
2024-02-17T16:20:09.831 [INFO ] default - 减少奖池:0
2024-02-17T16:20:20.676 [INFO ] default - 添加库存:9.5当前库存99810
2024-02-17T16:20:20.677 [INFO ] default - 添加奖池:0.5
2024-02-17T16:20:20.677 [INFO ] default - 减少库存:150库存99810
2024-02-17T16:20:20.678 [INFO ] default - 减少奖池:0
2024-02-17T16:20:32.543 [INFO ] default - 添加库存:9.5当前库存99669
2024-02-17T16:20:32.544 [INFO ] default - 添加奖池:0.5
2024-02-17T16:20:32.544 [INFO ] default - 减少库存:150库存99669
2024-02-17T16:20:32.545 [INFO ] default - 减少奖池:0
