2024-02-21T19:23:48.027 [INFO ] default - 添加库存:95当前库存102850
2024-02-21T19:23:48.029 [INFO ] default - 添加奖池:5
2024-02-21T19:23:48.030 [INFO ] default - 配牌器开关:true牌:2,3,5
2024-02-21T19:23:48.031 [INFO ] default - 减少库存:800库存102850
2024-02-21T19:23:48.031 [INFO ] default - 减少奖池:0
2024-02-21T19:23:48.033 [INFO ] default - 图案排列结果
2024-02-21T19:23:48.033 [INFO ] default - [ 2, 3, 5 ]
2024-02-21T19:23:48.034 [INFO ] default - 下注:100赢:800jackpot:0expectRTP:80
2024-02-21T20:24:11.742 [INFO ] default - 添加库存:95当前库存102945
2024-02-21T20:24:11.744 [INFO ] default - 添加奖池:5
2024-02-21T20:24:11.744 [INFO ] default - 配牌器开关:true牌:2,3,5
2024-02-21T20:24:11.745 [INFO ] default - 减少库存:800库存102945
2024-02-21T20:24:11.745 [INFO ] default - 减少奖池:0
2024-02-21T20:24:11.747 [INFO ] default - 图案排列结果
2024-02-21T20:24:11.747 [INFO ] default - [ 2, 3, 5 ]
2024-02-21T20:24:11.747 [INFO ] default - 下注:100赢:800jackpot:0expectRTP:80
2024-02-22T17:24:03.482 [INFO ] default - 添加库存:95当前库存103040
2024-02-22T17:24:03.484 [INFO ] default - 添加奖池:5
2024-02-22T17:24:03.484 [INFO ] default - 配牌器开关:true牌:2,3,5
2024-02-22T17:24:03.485 [INFO ] default - 减少库存:800库存103040
2024-02-22T17:24:03.485 [INFO ] default - 减少奖池:0
2024-02-22T17:24:03.486 [INFO ] default - 图案排列结果
2024-02-22T17:24:03.487 [INFO ] default - [ 2, 3, 5 ]
2024-02-22T17:24:03.487 [INFO ] default - 下注:100赢:800jackpot:0expectRTP:80
2024-02-22T17:24:03.487 [INFO ] default - 摇奖结果{"code":1,"userscore":109340,"winscore":800,"viewarray":{"code":2,"nHandCards":[3,4,6],"nWinLines":[0],"nWinLinesDetail":[[1,2,3]],"nWinDetail":[800],"nBet":100,"win":800,"nWinCards":[true,true,true],"getOpenBox":{"bFlag":false,"nWinOpenBox":0},"getFreeTime":{"bFlag":false,"nFreeTime":0,"nIndex":0},"getBigWin":{"bFlag":false},"nMultiple":0,"nWinCardsDetail":[],"nBetTime":1708593843482,"is_free":false,"user_score":109340},"winfreeCount":0,"freeCount":0,"score_pool":0}
2024-02-22T17:44:07.996 [INFO ] default - 添加库存:95当前库存103135
2024-02-22T17:44:07.998 [INFO ] default - 添加奖池:5
2024-02-22T17:44:07.999 [INFO ] default - 配牌器开关:true牌:2,3,5
2024-02-22T17:44:07.999 [INFO ] default - 减少库存:800库存103135
2024-02-22T17:44:08.000 [INFO ] default - 减少奖池:0
2024-02-22T17:44:08.002 [INFO ] default - 图案排列结果
2024-02-22T17:44:08.002 [INFO ] default - [ 2, 3, 5 ]
2024-02-22T17:44:08.003 [INFO ] default - 下注:100赢:800jackpot:0expectRTP:80
2024-02-22T17:44:08.003 [INFO ] default - 摇奖结果{"code":1,"userscore":109340,"winscore":800,"viewarray":{"code":2,"nHandCards":[3,4,6],"nWinLines":[0],"nWinLinesDetail":[[1,2,3]],"nWinDetail":[800],"nBet":100,"win":800,"nWinCards":[true,true,true],"getOpenBox":{"bFlag":false,"nWinOpenBox":0},"getFreeTime":{"bFlag":true,"nFreeTime":10,"nIndex":0},"getBigWin":{"bFlag":false},"nMultiple":0,"nWinCardsDetail":[],"nBetTime":1708595047996,"is_free":true,"user_score":109340},"winfreeCount":10,"freeCount":10,"score_pool":0}
2024-02-22T17:44:15.354 [INFO ] default - 添加库存:95当前库存103230
2024-02-22T17:44:15.355 [INFO ] default - 添加奖池:5
2024-02-22T17:44:15.355 [INFO ] default - 配牌器开关:true牌:2,3,5
2024-02-22T17:44:15.355 [INFO ] default - 减少库存:800库存103230
2024-02-22T17:44:15.356 [INFO ] default - 减少奖池:0
2024-02-22T17:44:15.357 [INFO ] default - 图案排列结果
2024-02-22T17:44:15.358 [INFO ] default - [ 2, 3, 5 ]
2024-02-22T17:44:15.358 [INFO ] default - 下注:100赢:800jackpot:0expectRTP:80
2024-02-22T17:44:15.358 [INFO ] default - 摇奖结果{"code":1,"userscore":110140,"winscore":800,"viewarray":{"code":2,"nHandCards":[3,4,6],"nWinLines":[0],"nWinLinesDetail":[[1,2,3]],"nWinDetail":[800],"nBet":100,"win":800,"nWinCards":[true,true,true],"getOpenBox":{"bFlag":false,"nWinOpenBox":0},"getFreeTime":{"bFlag":true,"nFreeTime":19,"nIndex":0},"getBigWin":{"bFlag":false},"nMultiple":0,"nWinCardsDetail":[],"nBetTime":1708595055354,"is_free":true,"user_score":110140},"winfreeCount":10,"freeCount":19,"score_pool":0}
2024-02-22T17:44:20.701 [INFO ] default - 添加库存:95当前库存103325
2024-02-22T17:44:20.701 [INFO ] default - 添加奖池:5
2024-02-22T17:44:20.702 [INFO ] default - 配牌器开关:true牌:2,3,5
2024-02-22T17:44:20.702 [INFO ] default - 减少库存:800库存103325
2024-02-22T17:44:20.703 [INFO ] default - 减少奖池:0
2024-02-22T17:44:20.705 [INFO ] default - 图案排列结果
2024-02-22T17:44:20.705 [INFO ] default - [ 2, 3, 5 ]
2024-02-22T17:44:20.705 [INFO ] default - 下注:100赢:800jackpot:0expectRTP:80
2024-02-22T17:44:20.705 [INFO ] default - 摇奖结果{"code":1,"userscore":110940,"winscore":800,"viewarray":{"code":2,"nHandCards":[3,4,6],"nWinLines":[0],"nWinLinesDetail":[[1,2,3]],"nWinDetail":[800],"nBet":100,"win":800,"nWinCards":[true,true,true],"getOpenBox":{"bFlag":false,"nWinOpenBox":0},"getFreeTime":{"bFlag":true,"nFreeTime":28,"nIndex":0},"getBigWin":{"bFlag":false},"nMultiple":0,"nWinCardsDetail":[],"nBetTime":1708595060700,"is_free":true,"user_score":110940},"winfreeCount":10,"freeCount":28,"score_pool":0}
2024-02-22T17:44:26.051 [INFO ] default - 添加库存:95当前库存103420
2024-02-22T17:44:26.052 [INFO ] default - 添加奖池:5
2024-02-22T17:44:26.053 [INFO ] default - 配牌器开关:true牌:2,3,5
2024-02-22T17:44:26.053 [INFO ] default - 减少库存:800库存103420
2024-02-22T17:44:26.053 [INFO ] default - 减少奖池:0
2024-02-22T17:44:26.055 [INFO ] default - 图案排列结果
2024-02-22T17:44:26.055 [INFO ] default - [ 2, 3, 5 ]
2024-02-22T17:44:26.055 [INFO ] default - 下注:100赢:800jackpot:0expectRTP:80
2024-02-22T17:44:26.056 [INFO ] default - 摇奖结果{"code":1,"userscore":111740,"winscore":800,"viewarray":{"code":2,"nHandCards":[3,4,6],"nWinLines":[0],"nWinLinesDetail":[[1,2,3]],"nWinDetail":[800],"nBet":100,"win":800,"nWinCards":[true,true,true],"getOpenBox":{"bFlag":false,"nWinOpenBox":0},"getFreeTime":{"bFlag":true,"nFreeTime":37,"nIndex":0},"getBigWin":{"bFlag":false},"nMultiple":0,"nWinCardsDetail":[],"nBetTime":1708595066051,"is_free":true,"user_score":111740},"winfreeCount":10,"freeCount":37,"score_pool":0}
2024-02-22T17:44:31.402 [INFO ] default - 添加库存:95当前库存103515
2024-02-22T17:44:31.403 [INFO ] default - 添加奖池:5
2024-02-22T17:44:31.403 [INFO ] default - 配牌器开关:true牌:2,3,5
2024-02-22T17:44:31.404 [INFO ] default - 减少库存:800库存103515
2024-02-22T17:44:31.404 [INFO ] default - 减少奖池:0
2024-02-22T17:44:31.406 [INFO ] default - 图案排列结果
2024-02-22T17:44:31.406 [INFO ] default - [ 2, 3, 5 ]
2024-02-22T17:44:31.406 [INFO ] default - 下注:100赢:800jackpot:0expectRTP:80
2024-02-22T17:44:31.407 [INFO ] default - 摇奖结果{"code":1,"userscore":112540,"winscore":800,"viewarray":{"code":2,"nHandCards":[3,4,6],"nWinLines":[0],"nWinLinesDetail":[[1,2,3]],"nWinDetail":[800],"nBet":100,"win":800,"nWinCards":[true,true,true],"getOpenBox":{"bFlag":false,"nWinOpenBox":0},"getFreeTime":{"bFlag":true,"nFreeTime":46,"nIndex":0},"getBigWin":{"bFlag":false},"nMultiple":0,"nWinCardsDetail":[],"nBetTime":1708595071402,"is_free":true,"user_score":112540},"winfreeCount":10,"freeCount":46,"score_pool":0}
2024-02-22T17:44:36.750 [INFO ] default - 添加库存:95当前库存103610
2024-02-22T17:44:36.750 [INFO ] default - 添加奖池:5
2024-02-22T17:44:36.751 [INFO ] default - 配牌器开关:true牌:2,3,5
2024-02-22T17:44:36.751 [INFO ] default - 减少库存:800库存103610
2024-02-22T17:44:36.752 [INFO ] default - 减少奖池:0
2024-02-22T17:44:36.753 [INFO ] default - 图案排列结果
2024-02-22T17:44:36.753 [INFO ] default - [ 2, 3, 5 ]
2024-02-22T17:44:36.754 [INFO ] default - 下注:100赢:800jackpot:0expectRTP:80
2024-02-22T17:44:36.754 [INFO ] default - 摇奖结果{"code":1,"userscore":113340,"winscore":800,"viewarray":{"code":2,"nHandCards":[3,4,6],"nWinLines":[0],"nWinLinesDetail":[[1,2,3]],"nWinDetail":[800],"nBet":100,"win":800,"nWinCards":[true,true,true],"getOpenBox":{"bFlag":false,"nWinOpenBox":0},"getFreeTime":{"bFlag":true,"nFreeTime":55,"nIndex":0},"getBigWin":{"bFlag":false},"nMultiple":0,"nWinCardsDetail":[],"nBetTime":1708595076749,"is_free":true,"user_score":113340},"winfreeCount":10,"freeCount":55,"score_pool":0}
2024-02-22T17:44:42.115 [INFO ] default - 添加库存:95当前库存103705
2024-02-22T17:44:42.116 [INFO ] default - 添加奖池:5
2024-02-22T17:44:42.116 [INFO ] default - 配牌器开关:true牌:2,3,5
2024-02-22T17:44:42.116 [INFO ] default - 减少库存:800库存103705
2024-02-22T17:44:42.116 [INFO ] default - 减少奖池:0
2024-02-22T17:44:42.118 [INFO ] default - 图案排列结果
2024-02-22T17:44:42.118 [INFO ] default - [ 2, 3, 5 ]
2024-02-22T17:44:42.118 [INFO ] default - 下注:100赢:800jackpot:0expectRTP:80
2024-02-22T17:44:42.119 [INFO ] default - 摇奖结果{"code":1,"userscore":114140,"winscore":800,"viewarray":{"code":2,"nHandCards":[3,4,6],"nWinLines":[0],"nWinLinesDetail":[[1,2,3]],"nWinDetail":[800],"nBet":100,"win":800,"nWinCards":[true,true,true],"getOpenBox":{"bFlag":false,"nWinOpenBox":0},"getFreeTime":{"bFlag":true,"nFreeTime":64,"nIndex":0},"getBigWin":{"bFlag":false},"nMultiple":0,"nWinCardsDetail":[],"nBetTime":1708595082115,"is_free":true,"user_score":114140},"winfreeCount":10,"freeCount":64,"score_pool":0}
2024-02-22T18:04:18.217 [INFO ] default - 添加库存:95当前库存103800
2024-02-22T18:04:18.219 [INFO ] default - 添加奖池:5
2024-02-22T18:04:18.219 [INFO ] default - 配牌器开关:true牌:2,3,5
2024-02-22T18:04:18.220 [INFO ] default - 减少库存:800库存103800
2024-02-22T18:04:18.220 [INFO ] default - 减少奖池:0
2024-02-22T18:04:18.222 [INFO ] default - 图案排列结果
2024-02-22T18:04:18.222 [INFO ] default - [ 2, 3, 5 ]
2024-02-22T18:04:18.222 [INFO ] default - 下注:100赢:800jackpot:0expectRTP:80
2024-02-22T18:04:18.223 [INFO ] default - 摇奖结果{"code":1,"userscore":110900,"winscore":800,"viewarray":{"code":2,"nHandCards":[3,4,6],"nWinLines":[0],"nWinLinesDetail":[[1,2,3]],"nWinDetail":[800],"nBet":100,"win":800,"nWinCards":[true,true,true],"getOpenBox":{"bFlag":false,"nWinOpenBox":0},"getFreeTime":{"bFlag":true,"nFreeTime":10,"nIndex":0},"getBigWin":{"bFlag":false},"nMultiple":0,"nWinCardsDetail":[],"nBetTime":1708596258217,"is_free":true,"user_score":110900},"winfreeCount":10,"freeCount":10,"score_pool":0}
2024-02-22T18:04:25.562 [INFO ] default - 添加库存:95当前库存103895
2024-02-22T18:04:25.563 [INFO ] default - 添加奖池:5
2024-02-22T18:04:25.563 [INFO ] default - 配牌器开关:true牌:2,3,5
2024-02-22T18:04:25.564 [INFO ] default - 减少库存:800库存103895
2024-02-22T18:04:25.564 [INFO ] default - 减少奖池:0
2024-02-22T18:04:25.566 [INFO ] default - 图案排列结果
2024-02-22T18:04:25.566 [INFO ] default - [ 2, 3, 5 ]
2024-02-22T18:04:25.567 [INFO ] default - 下注:100赢:800jackpot:0expectRTP:80
2024-02-22T18:04:25.567 [INFO ] default - 摇奖结果{"code":1,"userscore":111700,"winscore":800,"viewarray":{"code":2,"nHandCards":[3,4,6],"nWinLines":[0],"nWinLinesDetail":[[1,2,3]],"nWinDetail":[800],"nBet":100,"win":800,"nWinCards":[true,true,true],"getOpenBox":{"bFlag":false,"nWinOpenBox":0},"getFreeTime":{"bFlag":true,"nFreeTime":19,"nIndex":0},"getBigWin":{"bFlag":false},"nMultiple":0,"nWinCardsDetail":[],"nBetTime":1708596265562,"is_free":true,"user_score":111700},"winfreeCount":10,"freeCount":19,"score_pool":0}
2024-02-22T18:04:30.892 [INFO ] default - 添加库存:95当前库存103990
2024-02-22T18:04:30.893 [INFO ] default - 添加奖池:5
2024-02-22T18:04:30.893 [INFO ] default - 配牌器开关:true牌:2,3,5
2024-02-22T18:04:30.894 [INFO ] default - 减少库存:800库存103990
2024-02-22T18:04:30.894 [INFO ] default - 减少奖池:0
2024-02-22T18:04:30.896 [INFO ] default - 图案排列结果
2024-02-22T18:04:30.896 [INFO ] default - [ 2, 3, 5 ]
2024-02-22T18:04:30.896 [INFO ] default - 下注:100赢:800jackpot:0expectRTP:80
2024-02-22T18:04:30.897 [INFO ] default - 摇奖结果{"code":1,"userscore":112500,"winscore":800,"viewarray":{"code":2,"nHandCards":[3,4,6],"nWinLines":[0],"nWinLinesDetail":[[1,2,3]],"nWinDetail":[800],"nBet":100,"win":800,"nWinCards":[true,true,true],"getOpenBox":{"bFlag":false,"nWinOpenBox":0},"getFreeTime":{"bFlag":true,"nFreeTime":28,"nIndex":0},"getBigWin":{"bFlag":false},"nMultiple":0,"nWinCardsDetail":[],"nBetTime":1708596270892,"is_free":true,"user_score":112500},"winfreeCount":10,"freeCount":28,"score_pool":0}
2024-02-22T18:09:28.818 [INFO ] default - 添加库存:95当前库存104085
2024-02-22T18:09:28.820 [INFO ] default - 添加奖池:5
2024-02-22T18:09:28.820 [INFO ] default - 配牌器开关:true牌:2,3,5
2024-02-22T18:09:28.821 [INFO ] default - 减少库存:800库存104085
2024-02-22T18:09:28.821 [INFO ] default - 减少奖池:0
2024-02-22T18:09:28.823 [INFO ] default - 图案排列结果
2024-02-22T18:09:28.823 [INFO ] default - [ 2, 3, 5 ]
2024-02-22T18:09:28.823 [INFO ] default - 下注:100赢:800jackpot:0expectRTP:80
2024-02-22T18:09:28.823 [INFO ] default - 摇奖结果{"code":1,"userscore":110900,"winscore":800,"viewarray":{"code":2,"nHandCards":[3,4,6],"nWinLines":[0],"nWinLinesDetail":[[1,2,3]],"nWinDetail":[800],"nBet":100,"win":800,"nWinCards":[true,true,true],"getOpenBox":{"bFlag":false,"nWinOpenBox":0},"getFreeTime":{"bFlag":true,"nFreeTime":1,"nIndex":0},"getBigWin":{"bFlag":false},"nMultiple":0,"nWinCardsDetail":[],"nBetTime":1708596568818,"is_free":true,"user_score":110900},"winfreeCount":1,"freeCount":1,"score_pool":0}
2024-02-22T18:09:36.187 [INFO ] default - 添加库存:95当前库存104180
2024-02-22T18:09:36.188 [INFO ] default - 添加奖池:5
2024-02-22T18:09:36.188 [INFO ] default - 配牌器开关:true牌:2,3,5
2024-02-22T18:09:36.188 [INFO ] default - 减少库存:800库存104180
2024-02-22T18:09:36.189 [INFO ] default - 减少奖池:0
2024-02-22T18:09:36.190 [INFO ] default - 图案排列结果
2024-02-22T18:09:36.190 [INFO ] default - [ 2, 3, 5 ]
2024-02-22T18:09:36.190 [INFO ] default - 下注:100赢:800jackpot:0expectRTP:80
2024-02-22T18:09:36.191 [INFO ] default - 摇奖结果{"code":1,"userscore":111700,"winscore":800,"viewarray":{"code":2,"nHandCards":[3,4,6],"nWinLines":[0],"nWinLinesDetail":[[1,2,3]],"nWinDetail":[800],"nBet":100,"win":800,"nWinCards":[true,true,true],"getOpenBox":{"bFlag":false,"nWinOpenBox":0},"getFreeTime":{"bFlag":true,"nFreeTime":1,"nIndex":0},"getBigWin":{"bFlag":false},"nMultiple":0,"nWinCardsDetail":[],"nBetTime":1708596576187,"is_free":true,"user_score":111700},"winfreeCount":1,"freeCount":1,"score_pool":0}
2024-02-22T18:09:43.535 [INFO ] default - 添加库存:95当前库存104275
2024-02-22T18:09:43.535 [INFO ] default - 添加奖池:5
2024-02-22T18:09:43.535 [INFO ] default - 配牌器开关:true牌:2,3,5
2024-02-22T18:09:43.536 [INFO ] default - 减少库存:800库存104275
2024-02-22T18:09:43.536 [INFO ] default - 减少奖池:0
2024-02-22T18:09:43.539 [INFO ] default - 图案排列结果
2024-02-22T18:09:43.539 [INFO ] default - [ 2, 3, 5 ]
2024-02-22T18:09:43.539 [INFO ] default - 下注:100赢:800jackpot:0expectRTP:80
2024-02-22T18:09:43.540 [INFO ] default - 摇奖结果{"code":1,"userscore":112500,"winscore":800,"viewarray":{"code":2,"nHandCards":[3,4,6],"nWinLines":[0],"nWinLinesDetail":[[1,2,3]],"nWinDetail":[800],"nBet":100,"win":800,"nWinCards":[true,true,true],"getOpenBox":{"bFlag":false,"nWinOpenBox":0},"getFreeTime":{"bFlag":true,"nFreeTime":1,"nIndex":0},"getBigWin":{"bFlag":false},"nMultiple":0,"nWinCardsDetail":[],"nBetTime":1708596583535,"is_free":true,"user_score":112500},"winfreeCount":1,"freeCount":1,"score_pool":0}
2024-02-22T18:09:50.889 [INFO ] default - 添加库存:95当前库存104370
2024-02-22T18:09:50.890 [INFO ] default - 添加奖池:5
2024-02-22T18:09:50.890 [INFO ] default - 配牌器开关:true牌:2,3,5
2024-02-22T18:09:50.891 [INFO ] default - 减少库存:800库存104370
2024-02-22T18:09:50.892 [INFO ] default - 减少奖池:0
2024-02-22T18:09:50.895 [INFO ] default - 图案排列结果
2024-02-22T18:09:50.896 [INFO ] default - [ 2, 3, 5 ]
2024-02-22T18:09:50.897 [INFO ] default - 下注:100赢:800jackpot:0expectRTP:80
2024-02-22T18:09:50.898 [INFO ] default - 摇奖结果{"code":1,"userscore":113300,"winscore":800,"viewarray":{"code":2,"nHandCards":[3,4,6],"nWinLines":[0],"nWinLinesDetail":[[1,2,3]],"nWinDetail":[800],"nBet":100,"win":800,"nWinCards":[true,true,true],"getOpenBox":{"bFlag":false,"nWinOpenBox":0},"getFreeTime":{"bFlag":true,"nFreeTime":1,"nIndex":0},"getBigWin":{"bFlag":false},"nMultiple":0,"nWinCardsDetail":[],"nBetTime":1708596590889,"is_free":true,"user_score":113300},"winfreeCount":1,"freeCount":1,"score_pool":0}
2024-02-22T18:09:58.255 [INFO ] default - 添加库存:95当前库存104465
2024-02-22T18:09:58.255 [INFO ] default - 添加奖池:5
2024-02-22T18:09:58.256 [INFO ] default - 配牌器开关:true牌:2,3,5
2024-02-22T18:09:58.256 [INFO ] default - 减少库存:800库存104465
2024-02-22T18:09:58.257 [INFO ] default - 减少奖池:0
2024-02-22T18:09:58.259 [INFO ] default - 图案排列结果
2024-02-22T18:09:58.259 [INFO ] default - [ 2, 3, 5 ]
2024-02-22T18:09:58.260 [INFO ] default - 下注:100赢:800jackpot:0expectRTP:80
2024-02-22T18:09:58.261 [INFO ] default - 摇奖结果{"code":1,"userscore":114100,"winscore":800,"viewarray":{"code":2,"nHandCards":[3,4,6],"nWinLines":[0],"nWinLinesDetail":[[1,2,3]],"nWinDetail":[800],"nBet":100,"win":800,"nWinCards":[true,true,true],"getOpenBox":{"bFlag":false,"nWinOpenBox":0},"getFreeTime":{"bFlag":true,"nFreeTime":1,"nIndex":0},"getBigWin":{"bFlag":false},"nMultiple":0,"nWinCardsDetail":[],"nBetTime":1708596598255,"is_free":true,"user_score":114100},"winfreeCount":1,"freeCount":1,"score_pool":0}
2024-02-22T18:10:05.605 [INFO ] default - 添加库存:95当前库存104560
2024-02-22T18:23:07.867 [INFO ] default - 添加库存:95当前库存104560
2024-02-22T18:23:07.870 [INFO ] default - 添加奖池:5
2024-02-22T18:23:07.870 [INFO ] default - 配牌器开关:true牌:2,3,5
2024-02-22T18:23:07.871 [INFO ] default - 减少库存:800库存104560
2024-02-22T18:23:07.871 [INFO ] default - 减少奖池:0
2024-02-22T18:23:07.873 [INFO ] default - 图案排列结果
2024-02-22T18:23:07.874 [INFO ] default - [ 2, 3, 5 ]
2024-02-22T18:23:07.874 [INFO ] default - 下注:100赢:800jackpot:0expectRTP:80
2024-02-22T18:23:07.874 [INFO ] default - 摇奖结果{"code":1,"userscore":110900,"winscore":800,"viewarray":{"code":2,"nHandCards":[3,4,6],"nWinLines":[0],"nWinLinesDetail":[[1,2,3]],"nWinDetail":[800],"nBet":100,"win":800,"nWinCards":[true,true,true],"getOpenBox":{"bFlag":false,"nWinOpenBox":0},"getFreeTime":{"bFlag":true,"nFreeTime":1,"nIndex":0},"getBigWin":{"bFlag":false},"nMultiple":0,"nWinCardsDetail":[],"nBetTime":1708597373777,"is_free":true,"user_score":110900},"winfreeCount":1,"freeCount":1,"score_pool":0}
2024-02-22T18:23:24.012 [INFO ] default - 添加库存:95当前库存104655
2024-02-22T18:23:24.013 [INFO ] default - 添加奖池:5
2024-02-22T18:23:24.013 [INFO ] default - 配牌器开关:true牌:2,3,5
2024-02-22T18:23:24.014 [INFO ] default - 减少库存:800库存104655
2024-02-22T18:23:24.014 [INFO ] default - 减少奖池:0
2024-02-22T18:23:24.016 [INFO ] default - 图案排列结果
2024-02-22T18:23:24.017 [INFO ] default - [ 2, 3, 5 ]
2024-02-22T18:23:24.017 [INFO ] default - 下注:100赢:800jackpot:0expectRTP:80
2024-02-22T18:23:24.018 [INFO ] default - 摇奖结果{"code":1,"userscore":111700,"winscore":800,"viewarray":{"code":2,"nHandCards":[3,4,6],"nWinLines":[0],"nWinLinesDetail":[[1,2,3]],"nWinDetail":[800],"nBet":100,"win":800,"nWinCards":[true,true,true],"getOpenBox":{"bFlag":false,"nWinOpenBox":0},"getFreeTime":{"bFlag":true,"nFreeTime":1,"nIndex":0},"getBigWin":{"bFlag":false},"nMultiple":0,"nWinCardsDetail":[],"nBetTime":1708597395220,"is_free":true,"user_score":111700},"winfreeCount":1,"freeCount":1,"score_pool":0}
2024-02-22T18:23:31.368 [INFO ] default - 添加库存:95当前库存104750
2024-02-22T18:23:31.369 [INFO ] default - 添加奖池:5
2024-02-22T18:23:31.369 [INFO ] default - 配牌器开关:true牌:2,3,5
2024-02-22T18:23:31.369 [INFO ] default - 减少库存:800库存104750
2024-02-22T18:23:31.370 [INFO ] default - 减少奖池:0
2024-02-22T18:23:31.371 [INFO ] default - 图案排列结果
2024-02-22T18:23:31.371 [INFO ] default - [ 2, 3, 5 ]
2024-02-22T18:23:31.371 [INFO ] default - 下注:100赢:800jackpot:0expectRTP:80
2024-02-22T18:23:31.371 [INFO ] default - 摇奖结果{"code":1,"userscore":112500,"winscore":800,"viewarray":{"code":2,"nHandCards":[3,4,6],"nWinLines":[0],"nWinLinesDetail":[[1,2,3]],"nWinDetail":[800],"nBet":100,"win":800,"nWinCards":[true,true,true],"getOpenBox":{"bFlag":false,"nWinOpenBox":0},"getFreeTime":{"bFlag":true,"nFreeTime":1,"nIndex":0},"getBigWin":{"bFlag":false},"nMultiple":0,"nWinCardsDetail":[],"nBetTime":1708597411368,"is_free":true,"user_score":112500},"winfreeCount":1,"freeCount":1,"score_pool":0}
2024-02-22T18:26:22.407 [INFO ] default - 摇奖结果{"code":-1}
2024-02-22T18:26:50.149 [INFO ] default - 添加库存:95当前库存104845
2024-02-22T18:26:50.150 [INFO ] default - 添加奖池:5
2024-02-22T18:26:50.151 [INFO ] default - 配牌器开关:true牌:2,3,5
2024-02-22T18:26:50.152 [INFO ] default - 减少库存:800库存104845
2024-02-22T18:26:50.153 [INFO ] default - 减少奖池:0
2024-02-22T18:26:50.155 [INFO ] default - 图案排列结果
2024-02-22T18:26:50.155 [INFO ] default - [ 2, 3, 5 ]
2024-02-22T18:26:50.155 [INFO ] default - 下注:100赢:800jackpot:0expectRTP:80
2024-02-22T18:26:50.156 [INFO ] default - 摇奖结果{"code":1,"userscore":110900,"winscore":800,"viewarray":{"code":2,"nHandCards":[3,4,6],"nWinLines":[0],"nWinLinesDetail":[[1,2,3]],"nWinDetail":[800],"nBet":100,"win":800,"nWinCards":[true,true,true],"getOpenBox":{"bFlag":false,"nWinOpenBox":0},"getFreeTime":{"bFlag":true,"nFreeTime":1,"nIndex":0},"getBigWin":{"bFlag":false},"nMultiple":0,"nWinCardsDetail":[],"nBetTime":1708597610148,"is_free":true,"user_score":110900},"winfreeCount":1,"freeCount":1,"score_pool":0}
2024-02-22T18:26:57.500 [INFO ] default - 添加库存:95当前库存104940
2024-02-22T18:26:57.500 [INFO ] default - 添加奖池:5
2024-02-22T18:26:57.501 [INFO ] default - 配牌器开关:true牌:2,3,5
2024-02-22T18:26:57.501 [INFO ] default - 减少库存:800库存104940
2024-02-22T18:26:57.502 [INFO ] default - 减少奖池:0
2024-02-22T18:26:57.503 [INFO ] default - 图案排列结果
2024-02-22T18:26:57.503 [INFO ] default - [ 2, 3, 5 ]
2024-02-22T18:26:57.504 [INFO ] default - 下注:100赢:800jackpot:0expectRTP:80
2024-02-22T18:26:57.504 [INFO ] default - 摇奖结果{"code":1,"userscore":111700,"winscore":800,"viewarray":{"code":2,"nHandCards":[3,4,6],"nWinLines":[0],"nWinLinesDetail":[[1,2,3]],"nWinDetail":[800],"nBet":100,"win":800,"nWinCards":[true,true,true],"getOpenBox":{"bFlag":false,"nWinOpenBox":0},"getFreeTime":{"bFlag":true,"nFreeTime":1,"nIndex":0},"getBigWin":{"bFlag":false},"nMultiple":0,"nWinCardsDetail":[],"nBetTime":1708597617500,"is_free":true,"user_score":111700},"winfreeCount":1,"freeCount":1,"score_pool":0}
2024-02-22T18:27:04.847 [INFO ] default - 添加库存:95当前库存105035
2024-02-22T18:27:04.848 [INFO ] default - 添加奖池:5
2024-02-22T18:27:04.848 [INFO ] default - 配牌器开关:true牌:2,3,5
2024-02-22T18:27:04.849 [INFO ] default - 减少库存:800库存105035
2024-02-22T18:27:04.849 [INFO ] default - 减少奖池:0
2024-02-22T18:27:04.851 [INFO ] default - 图案排列结果
2024-02-22T18:27:04.852 [INFO ] default - [ 2, 3, 5 ]
2024-02-22T18:27:04.852 [INFO ] default - 下注:100赢:800jackpot:0expectRTP:80
2024-02-22T18:27:04.852 [INFO ] default - 摇奖结果{"code":1,"userscore":112500,"winscore":800,"viewarray":{"code":2,"nHandCards":[3,4,6],"nWinLines":[0],"nWinLinesDetail":[[1,2,3]],"nWinDetail":[800],"nBet":100,"win":800,"nWinCards":[true,true,true],"getOpenBox":{"bFlag":false,"nWinOpenBox":0},"getFreeTime":{"bFlag":true,"nFreeTime":1,"nIndex":0},"getBigWin":{"bFlag":false},"nMultiple":0,"nWinCardsDetail":[],"nBetTime":1708597624847,"is_free":true,"user_score":112500},"winfreeCount":1,"freeCount":1,"score_pool":0}
2024-02-22T18:27:12.198 [INFO ] default - 添加库存:95当前库存105130
2024-02-22T18:27:12.199 [INFO ] default - 添加奖池:5
2024-02-22T18:27:12.199 [INFO ] default - 配牌器开关:true牌:2,3,5
2024-02-22T18:27:12.199 [INFO ] default - 减少库存:800库存105130
2024-02-22T18:27:12.199 [INFO ] default - 减少奖池:0
2024-02-22T18:27:12.201 [INFO ] default - 图案排列结果
2024-02-22T18:27:12.201 [INFO ] default - [ 2, 3, 5 ]
2024-02-22T18:27:12.201 [INFO ] default - 下注:100赢:800jackpot:0expectRTP:80
2024-02-22T18:27:12.202 [INFO ] default - 摇奖结果{"code":1,"userscore":113300,"winscore":800,"viewarray":{"code":2,"nHandCards":[3,4,6],"nWinLines":[0],"nWinLinesDetail":[[1,2,3]],"nWinDetail":[800],"nBet":100,"win":800,"nWinCards":[true,true,true],"getOpenBox":{"bFlag":false,"nWinOpenBox":0},"getFreeTime":{"bFlag":true,"nFreeTime":1,"nIndex":0},"getBigWin":{"bFlag":false},"nMultiple":0,"nWinCardsDetail":[],"nBetTime":1708597632198,"is_free":true,"user_score":113300},"winfreeCount":1,"freeCount":1,"score_pool":0}
2024-02-22T18:27:19.549 [INFO ] default - 添加库存:95当前库存105225
2024-02-22T18:27:19.550 [INFO ] default - 添加奖池:5
2024-02-22T18:27:19.551 [INFO ] default - 配牌器开关:true牌:2,3,5
2024-02-22T18:27:19.551 [INFO ] default - 减少库存:800库存105225
2024-02-22T18:27:19.552 [INFO ] default - 减少奖池:0
2024-02-22T18:27:19.554 [INFO ] default - 图案排列结果
2024-02-22T18:27:19.554 [INFO ] default - [ 2, 3, 5 ]
2024-02-22T18:27:19.555 [INFO ] default - 下注:100赢:800jackpot:0expectRTP:80
2024-02-22T18:27:19.555 [INFO ] default - 摇奖结果{"code":1,"userscore":114100,"winscore":800,"viewarray":{"code":2,"nHandCards":[3,4,6],"nWinLines":[0],"nWinLinesDetail":[[1,2,3]],"nWinDetail":[800],"nBet":100,"win":800,"nWinCards":[true,true,true],"getOpenBox":{"bFlag":false,"nWinOpenBox":0},"getFreeTime":{"bFlag":true,"nFreeTime":1,"nIndex":0},"getBigWin":{"bFlag":false},"nMultiple":0,"nWinCardsDetail":[],"nBetTime":1708597639549,"is_free":true,"user_score":114100},"winfreeCount":1,"freeCount":1,"score_pool":0}
2024-02-22T18:27:26.902 [INFO ] default - 添加库存:95当前库存105320
2024-02-22T18:27:26.902 [INFO ] default - 添加奖池:5
2024-02-22T18:27:26.903 [INFO ] default - 配牌器开关:true牌:2,3,5
2024-02-22T18:27:26.904 [INFO ] default - 减少库存:800库存105320
2024-02-22T18:27:26.905 [INFO ] default - 减少奖池:0
2024-02-22T18:27:26.909 [INFO ] default - 图案排列结果
2024-02-22T18:27:26.910 [INFO ] default - [ 2, 3, 5 ]
2024-02-22T18:27:26.911 [INFO ] default - 下注:100赢:800jackpot:0expectRTP:80
2024-02-22T18:27:26.911 [INFO ] default - 摇奖结果{"code":1,"userscore":114900,"winscore":800,"viewarray":{"code":2,"nHandCards":[3,4,6],"nWinLines":[0],"nWinLinesDetail":[[1,2,3]],"nWinDetail":[800],"nBet":100,"win":800,"nWinCards":[true,true,true],"getOpenBox":{"bFlag":false,"nWinOpenBox":0},"getFreeTime":{"bFlag":true,"nFreeTime":1,"nIndex":0},"getBigWin":{"bFlag":false},"nMultiple":0,"nWinCardsDetail":[],"nBetTime":1708597646902,"is_free":true,"user_score":114900},"winfreeCount":1,"freeCount":1,"score_pool":0}
2024-02-22T18:27:34.263 [INFO ] default - 添加库存:95当前库存105415
2024-02-22T18:27:34.263 [INFO ] default - 添加奖池:5
2024-02-22T18:27:34.264 [INFO ] default - 配牌器开关:true牌:2,3,5
2024-02-22T18:27:34.264 [INFO ] default - 减少库存:800库存105415
2024-02-22T18:27:34.264 [INFO ] default - 减少奖池:0
2024-02-22T18:27:34.265 [INFO ] default - 图案排列结果
2024-02-22T18:27:34.265 [INFO ] default - [ 2, 3, 5 ]
2024-02-22T18:27:34.266 [INFO ] default - 下注:100赢:800jackpot:0expectRTP:80
2024-02-22T18:27:34.266 [INFO ] default - 摇奖结果{"code":1,"userscore":115700,"winscore":800,"viewarray":{"code":2,"nHandCards":[3,4,6],"nWinLines":[0],"nWinLinesDetail":[[1,2,3]],"nWinDetail":[800],"nBet":100,"win":800,"nWinCards":[true,true,true],"getOpenBox":{"bFlag":false,"nWinOpenBox":0},"getFreeTime":{"bFlag":true,"nFreeTime":1,"nIndex":0},"getBigWin":{"bFlag":false},"nMultiple":0,"nWinCardsDetail":[],"nBetTime":1708597654263,"is_free":true,"user_score":115700},"winfreeCount":1,"freeCount":1,"score_pool":0}
2024-02-22T18:41:39.833 [INFO ] default - 摇奖结果{"code":-1}
2024-02-22T19:18:26.757 [INFO ] default - 添加库存:95当前库存105415
2024-02-22T19:18:26.759 [INFO ] default - 添加奖池:5
2024-02-22T19:18:26.759 [INFO ] default - 减少库存:100库存105415
2024-02-22T19:18:26.760 [INFO ] default - 减少奖池:0
2024-02-22T19:18:26.761 [INFO ] default - 图案排列结果
2024-02-22T19:18:26.761 [INFO ] default - [ 2, 4, 0 ]
2024-02-22T19:18:26.762 [INFO ] default - 下注:100赢:100jackpot:0expectRTP:80
2024-02-22T19:18:26.762 [INFO ] default - 摇奖结果{"code":1,"userscore":110990,"winscore":100,"viewarray":{"code":2,"nHandCards":[3,5,1],"nWinLines":[0],"nWinLinesDetail":[[1,2,3]],"nWinDetail":[100],"nBet":100,"win":100,"nWinCards":[false,false,true],"getOpenBox":{"bFlag":false,"nWinOpenBox":0},"getFreeTime":{"bFlag":false,"nFreeTime":0,"nIndex":0},"getBigWin":{"bFlag":false},"nMultiple":0,"nWinCardsDetail":[],"nBetTime":1708600706757,"is_free":false,"user_score":110990},"winfreeCount":0,"freeCount":0,"score_pool":0}
2024-02-22T19:18:56.396 [INFO ] default - 添加库存:95当前库存105510
2024-02-22T19:18:56.397 [INFO ] default - 添加奖池:5
2024-02-22T19:18:56.398 [INFO ] default - 减少库存:100库存105510
2024-02-22T19:18:56.398 [INFO ] default - 减少奖池:0
2024-02-22T19:18:56.399 [INFO ] default - 图案排列结果
2024-02-22T19:18:56.399 [INFO ] default - [ 0, 3, 2 ]
2024-02-22T19:18:56.400 [INFO ] default - 下注:100赢:100jackpot:0expectRTP:80
2024-02-22T19:18:56.400 [INFO ] default - 摇奖结果{"code":1,"userscore":110990,"winscore":100,"viewarray":{"code":2,"nHandCards":[1,4,3],"nWinLines":[0],"nWinLinesDetail":[[1,2,3]],"nWinDetail":[100],"nBet":100,"win":100,"nWinCards":[true,false,false],"getOpenBox":{"bFlag":false,"nWinOpenBox":0},"getFreeTime":{"bFlag":false,"nFreeTime":0,"nIndex":0},"getBigWin":{"bFlag":false},"nMultiple":0,"nWinCardsDetail":[],"nBetTime":1708600736396,"is_free":false,"user_score":110990},"winfreeCount":0,"freeCount":0,"score_pool":0}
