2024-02-07T10:54:05.179 [WARN ] default - 未更新用户数据离开
2024-02-07T11:01:15.138 [WARN ] default - 未更新用户数据离开
2024-02-07T11:04:00.528 [WARN ] default - 未更新用户数据离开
2024-02-07T11:41:39.390 [INFO ] default - 添加库存:95当前库存100095
2024-02-07T11:45:41.859 [INFO ] default - 添加库存:95当前库存100095
2024-02-07T11:47:51.933 [INFO ] default - 添加库存:95当前库存100095
2024-02-07T11:49:55.837 [INFO ] default - 添加库存:95当前库存100095
2024-02-07T11:51:46.860 [INFO ] default - 添加库存:95当前库存100095
2024-02-07T12:36:00.189 [INFO ] default - 添加库存:95当前库存100095
2024-02-07T12:40:25.277 [INFO ] default - 添加库存:95当前库存100095
2024-02-07T12:40:25.279 [INFO ] default - 添加奖池:5
2024-02-07T12:40:25.279 [INFO ] default - 配牌器开关:0牌:
2024-02-07T12:42:57.366 [INFO ] default - 添加库存:95当前库存100095
2024-02-07T12:42:57.368 [INFO ] default - 添加奖池:5
2024-02-07T12:42:57.369 [INFO ] default - 配牌器开关:0牌:
2024-02-07T12:43:04.117 [INFO ] default - 添加库存:95当前库存100190
2024-02-07T12:43:04.118 [INFO ] default - 添加奖池:5
2024-02-07T12:43:04.118 [INFO ] default - 配牌器开关:0牌:
2024-02-07T12:43:58.620 [INFO ] default - 添加库存:95当前库存100285
2024-02-07T12:43:58.621 [INFO ] default - 添加奖池:5
2024-02-07T12:43:58.621 [INFO ] default - 配牌器开关:0牌:
2024-02-07T12:47:43.293 [INFO ] default - 添加库存:95当前库存100095
2024-02-07T12:47:43.295 [INFO ] default - 添加奖池:5
2024-02-07T12:47:43.295 [INFO ] default - 配牌器开关:0牌:
2024-02-07T12:47:43.297 [INFO ] default - 图案排列结果
2024-02-07T12:47:43.297 [INFO ] default - [ 4, 4, 1, 3, 4 ]
2024-02-07T12:47:43.298 [INFO ] default - [ 0, 0, 2, 6, 5 ]
2024-02-07T12:47:43.298 [INFO ] default - [ 0, 3, 1, 0, 2 ]
2024-02-07T12:47:43.299 [INFO ] default - undefined
2024-02-07T12:47:43.299 [INFO ] default - undefined
2024-02-07T12:47:43.300 [INFO ] default - 下注:100赢:0获得jackpot:0source_rtp:0expectRTP:80
2024-02-07T12:50:34.628 [INFO ] default - 添加库存:95当前库存100190
2024-02-07T12:50:34.629 [INFO ] default - 添加奖池:5
2024-02-07T12:50:34.629 [INFO ] default - 配牌器开关:0牌:
2024-02-07T12:50:34.630 [INFO ] default - 图案排列结果
2024-02-07T12:50:34.630 [INFO ] default - [ 3, 2, 4, 3, 4 ]
2024-02-07T12:50:34.630 [INFO ] default - [ 5, 1, 5, 3, 6 ]
2024-02-07T12:50:34.631 [INFO ] default - [ 7, 4, 1, 2, 3 ]
2024-02-07T12:50:34.631 [INFO ] default - undefined
2024-02-07T12:50:34.631 [INFO ] default - undefined
2024-02-07T12:50:34.632 [INFO ] default - 下注:100赢:0获得jackpot:0source_rtp:0expectRTP:80
2024-02-07T12:51:13.045 [INFO ] default - 添加库存:95当前库存100285
2024-02-07T12:51:13.045 [INFO ] default - 添加奖池:5
2024-02-07T12:51:13.046 [INFO ] default - 配牌器开关:0牌:
2024-02-07T12:51:13.047 [INFO ] default - 图案排列结果
2024-02-07T12:51:13.047 [INFO ] default - [ 0, 1, 3, 4, 3 ]
2024-02-07T12:51:13.047 [INFO ] default - [ 0, 5, 4, 0, 3 ]
2024-02-07T12:51:13.048 [INFO ] default - [ 3, 5, 3, 0, 0 ]
2024-02-07T12:51:13.048 [INFO ] default - undefined
2024-02-07T12:51:13.048 [INFO ] default - undefined
2024-02-07T12:51:13.049 [INFO ] default - 下注:100赢:0获得jackpot:0source_rtp:0expectRTP:80
2024-02-07T12:51:17.196 [INFO ] default - 添加库存:95当前库存100380
2024-02-07T12:51:17.197 [INFO ] default - 添加奖池:5
2024-02-07T12:51:17.197 [INFO ] default - 配牌器开关:0牌:
2024-02-07T12:51:17.198 [INFO ] default - 图案排列结果
2024-02-07T12:51:17.198 [INFO ] default - [ 0, 2, 0, 3, 2 ]
2024-02-07T12:51:17.199 [INFO ] default - [ 4, 3, 0, 4, 1 ]
2024-02-07T12:51:17.199 [INFO ] default - [ 0, 5, 1, 5, 0 ]
2024-02-07T12:51:17.200 [INFO ] default - undefined
2024-02-07T12:51:17.200 [INFO ] default - undefined
2024-02-07T12:51:17.200 [INFO ] default - 下注:100赢:0获得jackpot:0source_rtp:0expectRTP:80
2024-02-07T12:51:21.860 [INFO ] default - 添加库存:95当前库存100475
2024-02-07T12:51:21.861 [INFO ] default - 添加奖池:5
2024-02-07T12:51:21.861 [INFO ] default - 配牌器开关:0牌:
2024-02-07T12:51:21.862 [INFO ] default - 图案排列结果
2024-02-07T12:51:21.862 [INFO ] default - [ 4, 1, 4, 1, 1 ]
2024-02-07T12:51:21.863 [INFO ] default - [ 1, 3, 7, 4, 1 ]
2024-02-07T12:51:21.863 [INFO ] default - [ 1, 1, 2, 3, 0 ]
2024-02-07T12:51:21.863 [INFO ] default - undefined
2024-02-07T12:51:21.863 [INFO ] default - undefined
2024-02-07T12:51:21.864 [INFO ] default - 下注:100赢:0获得jackpot:0source_rtp:0expectRTP:80
2024-02-07T12:51:25.893 [INFO ] default - 添加库存:95当前库存100570
2024-02-07T12:53:37.500 [INFO ] default - 添加库存:95当前库存100190
2024-02-07T12:53:37.502 [INFO ] default - 添加奖池:5
2024-02-07T12:53:37.502 [INFO ] default - 配牌器开关:0牌:
2024-02-07T12:53:37.503 [INFO ] default - 减少库存:350库存100190
2024-02-07T12:53:37.503 [INFO ] default - 减少奖池:0
2024-02-07T12:53:37.504 [INFO ] default - 图案排列结果
2024-02-07T12:53:37.505 [INFO ] default - [ 2, 4, 0, 0, 3 ]
2024-02-07T12:53:37.505 [INFO ] default - [ 1, 0, 4, 5, 0 ]
2024-02-07T12:53:37.506 [INFO ] default - [ 5, 5, 5, 2, 3 ]
2024-02-07T12:53:37.508 [INFO ] default - undefined
2024-02-07T12:53:37.508 [INFO ] default - undefined
2024-02-07T12:53:37.509 [INFO ] default - 下注:100赢:350获得jackpot:0source_rtp:0expectRTP:80
2024-02-07T12:53:51.891 [INFO ] default - 添加库存:95当前库存100285
2024-02-07T12:53:51.891 [INFO ] default - 添加奖池:5
2024-02-07T12:53:51.891 [INFO ] default - 配牌器开关:0牌:
2024-02-07T12:53:51.892 [INFO ] default - 减少库存:300库存100285
2024-02-07T12:53:51.892 [INFO ] default - 减少奖池:0
2024-02-07T12:53:51.893 [INFO ] default - 图案排列结果
2024-02-07T12:53:51.893 [INFO ] default - [ 5, 2, 5, 1, 5 ]
2024-02-07T12:53:51.893 [INFO ] default - [ 0, 5, 2, 1, 0 ]
2024-02-07T12:53:51.894 [INFO ] default - [ 1, 0, 5, 4, 2 ]
2024-02-07T12:53:51.894 [INFO ] default - undefined
2024-02-07T12:53:51.894 [INFO ] default - undefined
2024-02-07T12:53:51.894 [INFO ] default - 下注:100赢:300获得jackpot:0source_rtp:0expectRTP:80
2024-02-07T12:53:58.942 [INFO ] default - 添加库存:95当前库存100380
2024-02-07T12:53:58.943 [INFO ] default - 添加奖池:5
2024-02-07T12:53:58.944 [INFO ] default - 配牌器开关:0牌:
2024-02-07T12:53:58.945 [INFO ] default - 图案排列结果
2024-02-07T12:53:58.945 [INFO ] default - [ 6, 0, 2, 0, 3 ]
2024-02-07T12:53:58.946 [INFO ] default - [ 5, 1, 1, 1, 2 ]
2024-02-07T12:53:58.946 [INFO ] default - [ 5, 2, 0, 5, 1 ]
2024-02-07T12:53:58.946 [INFO ] default - undefined
2024-02-07T12:53:58.947 [INFO ] default - undefined
2024-02-07T12:53:58.947 [INFO ] default - 下注:100赢:0获得jackpot:0source_rtp:0expectRTP:80
2024-02-07T12:54:16.963 [INFO ] default - 添加库存:95当前库存100475
2024-02-07T12:54:16.964 [INFO ] default - 添加奖池:5
2024-02-07T12:54:16.964 [INFO ] default - 配牌器开关:0牌:
2024-02-07T12:54:16.965 [INFO ] default - 图案排列结果
2024-02-07T12:54:16.965 [INFO ] default - [ 7, 2, 3, 0, 0 ]
2024-02-07T12:54:16.966 [INFO ] default - [ 0, 2, 3, 2, 3 ]
2024-02-07T12:54:16.966 [INFO ] default - [ 4, 1, 2, 1, 0 ]
2024-02-07T12:54:16.966 [INFO ] default - undefined
2024-02-07T12:54:16.967 [INFO ] default - undefined
2024-02-07T12:54:16.967 [INFO ] default - 下注:100赢:0获得jackpot:0source_rtp:0expectRTP:80
2024-02-07T12:58:10.653 [INFO ] default - 添加库存:95当前库存100190
2024-02-07T12:58:10.655 [INFO ] default - 添加奖池:5
2024-02-07T12:58:10.656 [INFO ] default - 配牌器开关:0牌:
2024-02-07T12:58:10.657 [INFO ] default - 图案排列结果
2024-02-07T12:58:10.657 [INFO ] default - [ 4, 0, 2, 2, 4 ]
2024-02-07T12:58:10.658 [INFO ] default - [ 1, 5, 0, 3, 5 ]
2024-02-07T12:58:10.658 [INFO ] default - [ 2, 2, 0, 3, 5 ]
2024-02-07T12:58:10.659 [INFO ] default - 下注:100赢:0获得jackpot:0source_rtp:0expectRTP:80
